2022-11-28 02:40:12 | INFO     | DF | Running on torch 1.13.0+cu117
2022-11-28 02:40:12 | INFO     | DF | Running on host workstation3
2022-11-28 02:40:12 | INFO     | DF | Loading model settings of df2_shrunk
2022-11-28 02:40:12 | INFO     | DF | Initializing model `deepfilternet2`
2022-11-28 02:40:13 | WARNING  | DF | Could not find `best` checkpoint. Checking for default...
2022-11-28 02:40:13 | ERROR    | DF | Could not find a checkpoint
2022-11-28 02:42:42 | INFO     | DF | Running on torch 1.13.0+cu117
2022-11-28 02:42:42 | INFO     | DF | Running on host workstation3
2022-11-28 02:42:42 | INFO     | DF | Loading model settings of df2_shrunk
2022-11-28 02:42:42 | INFO     | DF | Initializing model `deepfilternet2`
2022-11-28 02:42:43 | WARNING  | DF | Could not find `best` checkpoint. Checking for default...
2022-11-28 02:42:43 | ERROR    | DF | Could not find a checkpoint
2022-11-28 02:43:33 | INFO     | DF | Running on torch 1.13.0+cu117
2022-11-28 02:43:33 | INFO     | DF | Running on host workstation3
2022-11-28 02:43:33 | INFO     | DF | Loading model settings of df2_shrunk
2022-11-28 02:43:33 | INFO     | DF | Initializing model `deepfilternet2`
2022-11-28 02:43:34 | WARNING  | DF | Could not find `best` checkpoint. Checking for default...
2022-11-28 02:43:34 | ERROR    | DF | Could not find a checkpoint
2022-11-28 02:45:15 | INFO     | DF | Running on torch 1.13.0+cu117
2022-11-28 02:45:15 | INFO     | DF | Running on host workstation3
2022-11-28 02:45:15 | INFO     | DF | Loading model settings of df2_shrunk
2022-11-28 02:45:15 | INFO     | DF | Initializing model `deepfilternet2`
2022-11-28 02:45:16 | INFO     | DF | Found checkpoint models/df2_shrunk/checkpoints/model_30.ckpt.best with epoch 30
2022-11-28 02:45:16 | INFO     | DF | Running on device cuda:2
2022-11-28 02:45:16 | INFO     | DF | Model loaded
2022-11-28 02:45:17 | INFO     | DF | Enhanced noisy audio file 'noisy1_SNRdb_0.0_clnsp1.wav' in 0.3s (RT factor: 0.011)
2022-11-28 02:47:14 | INFO     | DF | Running on torch 1.13.0+cu117
2022-11-28 02:47:14 | INFO     | DF | Running on host workstation3
2022-11-28 02:47:14 | INFO     | DF | Loading model settings of df2_shrunk
2022-11-28 02:47:14 | INFO     | DF | Initializing model `deepfilternet2`
2022-11-28 02:47:15 | INFO     | DF | Found checkpoint models/df2_shrunk/checkpoints/model_30.ckpt.best with epoch 30
2022-11-28 02:47:15 | INFO     | DF | Running on device cuda:2
2022-11-28 02:47:15 | INFO     | DF | Model loaded
2022-11-28 02:47:16 | INFO     | DF | Enhanced noisy audio file 'noisy1_SNRdb_10.0_clnsp1.wav' in 0.3s (RT factor: 0.011)
2022-11-28 02:48:37 | INFO     | DF | Running on torch 1.13.0+cu117
2022-11-28 02:48:37 | INFO     | DF | Running on host workstation3
2022-11-28 02:48:37 | INFO     | DF | Loading model settings of df2_shrunk
2022-11-28 02:48:37 | INFO     | DF | Initializing model `deepfilternet2`
2022-11-28 02:48:38 | INFO     | DF | Found checkpoint models/df2_shrunk/checkpoints/model_30.ckpt.best with epoch 30
2022-11-28 02:48:38 | INFO     | DF | Running on device cuda:2
2022-11-28 02:48:38 | INFO     | DF | Model loaded
2022-11-28 02:48:39 | INFO     | DF | Enhanced noisy audio file 'noisy1_SNRdb_20.0_clnsp1.wav' in 0.3s (RT factor: 0.011)
2022-11-28 02:48:52 | INFO     | DF | Running on torch 1.13.0+cu117
2022-11-28 02:48:52 | INFO     | DF | Running on host workstation3
2022-11-28 02:48:52 | INFO     | DF | Loading model settings of df2_shrunk
2022-11-28 02:48:52 | INFO     | DF | Initializing model `deepfilternet2`
2022-11-28 02:48:53 | INFO     | DF | Found checkpoint models/df2_shrunk/checkpoints/model_30.ckpt.best with epoch 30
2022-11-28 02:48:53 | INFO     | DF | Running on device cuda:2
2022-11-28 02:48:53 | INFO     | DF | Model loaded
2022-11-28 02:48:54 | INFO     | DF | Enhanced noisy audio file 'noisy1_SNRdb_30.0_clnsp1.wav' in 0.3s (RT factor: 0.011)
2022-11-28 02:49:09 | INFO     | DF | Running on torch 1.13.0+cu117
2022-11-28 02:49:09 | INFO     | DF | Running on host workstation3
2022-11-28 02:49:09 | INFO     | DF | Loading model settings of df2_shrunk
2022-11-28 02:49:09 | INFO     | DF | Initializing model `deepfilternet2`
2022-11-28 02:49:10 | INFO     | DF | Found checkpoint models/df2_shrunk/checkpoints/model_30.ckpt.best with epoch 30
2022-11-28 02:49:10 | INFO     | DF | Running on device cuda:2
2022-11-28 02:49:10 | INFO     | DF | Model loaded
2022-11-28 02:49:10 | INFO     | DF | Enhanced noisy audio file 'noisy1_SNRdb_40.0_clnsp1.wav' in 0.3s (RT factor: 0.011)
2022-11-28 03:02:36 | INFO     | DF | Running on torch 1.13.0+cu117
2022-11-28 03:02:36 | INFO     | DF | Running on host workstation3
2022-11-28 03:02:36 | INFO     | DF | Loading model settings of df2_shrunk
2022-11-28 03:02:36 | INFO     | DF | Initializing model `deepfilternet2`
2022-11-28 03:02:37 | INFO     | DF | Found checkpoint models/df2_shrunk/checkpoints/model_30.ckpt.best with epoch 30
2022-11-28 03:02:37 | INFO     | DF | Running on device cuda:2
2022-11-28 03:02:37 | INFO     | DF | Model loaded
2022-11-28 03:02:38 | INFO     | DF | Enhanced noisy audio file 'noisy1_SNRdb_0.0_clnsp1.wav' in 0.3s (RT factor: 0.011)
2022-11-28 03:02:39 | INFO     | DF | Running on torch 1.13.0+cu117
2022-11-28 03:02:39 | INFO     | DF | Running on host workstation3
2022-11-28 03:02:39 | INFO     | DF | Loading model settings of df2_shrunk
2022-11-28 03:02:39 | INFO     | DF | Initializing model `deepfilternet2`
2022-11-28 03:02:40 | INFO     | DF | Found checkpoint models/df2_shrunk/checkpoints/model_30.ckpt.best with epoch 30
2022-11-28 03:02:40 | INFO     | DF | Running on device cuda:2
2022-11-28 03:02:40 | INFO     | DF | Model loaded
2022-11-28 03:02:40 | INFO     | DF | Enhanced noisy audio file 'noisy1_SNRdb_10.0_clnsp1.wav' in 0.3s (RT factor: 0.011)
2022-11-28 03:02:42 | INFO     | DF | Running on torch 1.13.0+cu117
2022-11-28 03:02:42 | INFO     | DF | Running on host workstation3
2022-11-28 03:02:42 | INFO     | DF | Loading model settings of df2_shrunk
2022-11-28 03:02:42 | INFO     | DF | Initializing model `deepfilternet2`
2022-11-28 03:02:43 | INFO     | DF | Found checkpoint models/df2_shrunk/checkpoints/model_30.ckpt.best with epoch 30
2022-11-28 03:02:43 | INFO     | DF | Running on device cuda:2
2022-11-28 03:02:43 | INFO     | DF | Model loaded
2022-11-28 03:02:43 | INFO     | DF | Enhanced noisy audio file 'noisy1_SNRdb_20.0_clnsp1.wav' in 0.4s (RT factor: 0.011)
2022-11-28 03:02:44 | INFO     | DF | Running on torch 1.13.0+cu117
2022-11-28 03:02:44 | INFO     | DF | Running on host workstation3
2022-11-28 03:02:44 | INFO     | DF | Loading model settings of df2_shrunk
2022-11-28 03:02:44 | INFO     | DF | Initializing model `deepfilternet2`
2022-11-28 03:02:45 | INFO     | DF | Found checkpoint models/df2_shrunk/checkpoints/model_30.ckpt.best with epoch 30
2022-11-28 03:02:45 | INFO     | DF | Running on device cuda:2
2022-11-28 03:02:45 | INFO     | DF | Model loaded
2022-11-28 03:02:46 | INFO     | DF | Enhanced noisy audio file 'noisy1_SNRdb_30.0_clnsp1.wav' in 0.3s (RT factor: 0.011)
2022-11-28 03:02:47 | INFO     | DF | Running on torch 1.13.0+cu117
2022-11-28 03:02:47 | INFO     | DF | Running on host workstation3
2022-11-28 03:02:47 | INFO     | DF | Loading model settings of df2_shrunk
2022-11-28 03:02:47 | INFO     | DF | Initializing model `deepfilternet2`
2022-11-28 03:02:48 | INFO     | DF | Found checkpoint models/df2_shrunk/checkpoints/model_30.ckpt.best with epoch 30
2022-11-28 03:02:48 | INFO     | DF | Running on device cuda:2
2022-11-28 03:02:48 | INFO     | DF | Model loaded
2022-11-28 03:02:48 | INFO     | DF | Enhanced noisy audio file 'noisy1_SNRdb_40.0_clnsp1.wav' in 0.3s (RT factor: 0.011)
2022-11-28 03:02:50 | INFO     | DF | Running on torch 1.13.0+cu117
2022-11-28 03:02:50 | INFO     | DF | Running on host workstation3
2022-11-28 03:02:50 | INFO     | DF | Loading model settings of df2_shrunk
2022-11-28 03:02:50 | INFO     | DF | Initializing model `deepfilternet2`
2022-11-28 03:02:51 | INFO     | DF | Found checkpoint models/df2_shrunk/checkpoints/model_30.ckpt.best with epoch 30
2022-11-28 03:02:51 | INFO     | DF | Running on device cuda:2
2022-11-28 03:02:51 | INFO     | DF | Model loaded
2022-11-28 03:02:51 | INFO     | DF | Enhanced noisy audio file 'noisy2_SNRdb_0.0_clnsp2.wav' in 0.3s (RT factor: 0.011)
2022-11-28 03:02:52 | INFO     | DF | Running on torch 1.13.0+cu117
2022-11-28 03:02:52 | INFO     | DF | Running on host workstation3
2022-11-28 03:02:52 | INFO     | DF | Loading model settings of df2_shrunk
2022-11-28 03:02:52 | INFO     | DF | Initializing model `deepfilternet2`
2022-11-28 03:02:53 | INFO     | DF | Found checkpoint models/df2_shrunk/checkpoints/model_30.ckpt.best with epoch 30
2022-11-28 03:02:53 | INFO     | DF | Running on device cuda:2
2022-11-28 03:02:53 | INFO     | DF | Model loaded
2022-11-28 03:02:54 | INFO     | DF | Enhanced noisy audio file 'noisy2_SNRdb_10.0_clnsp2.wav' in 0.3s (RT factor: 0.011)
2022-11-28 03:02:55 | INFO     | DF | Running on torch 1.13.0+cu117
2022-11-28 03:02:55 | INFO     | DF | Running on host workstation3
2022-11-28 03:02:55 | INFO     | DF | Loading model settings of df2_shrunk
2022-11-28 03:02:55 | INFO     | DF | Initializing model `deepfilternet2`
2022-11-28 03:02:56 | INFO     | DF | Found checkpoint models/df2_shrunk/checkpoints/model_30.ckpt.best with epoch 30
2022-11-28 03:02:56 | INFO     | DF | Running on device cuda:2
2022-11-28 03:02:56 | INFO     | DF | Model loaded
2022-11-28 03:02:56 | INFO     | DF | Enhanced noisy audio file 'noisy2_SNRdb_20.0_clnsp2.wav' in 0.3s (RT factor: 0.011)
2022-11-28 03:02:57 | INFO     | DF | Running on torch 1.13.0+cu117
2022-11-28 03:02:57 | INFO     | DF | Running on host workstation3
2022-11-28 03:02:58 | INFO     | DF | Loading model settings of df2_shrunk
2022-11-28 03:02:58 | INFO     | DF | Initializing model `deepfilternet2`
2022-11-28 03:02:59 | INFO     | DF | Found checkpoint models/df2_shrunk/checkpoints/model_30.ckpt.best with epoch 30
2022-11-28 03:02:59 | INFO     | DF | Running on device cuda:2
2022-11-28 03:02:59 | INFO     | DF | Model loaded
2022-11-28 03:02:59 | INFO     | DF | Enhanced noisy audio file 'noisy2_SNRdb_30.0_clnsp2.wav' in 0.3s (RT factor: 0.011)
2022-11-28 03:03:00 | INFO     | DF | Running on torch 1.13.0+cu117
2022-11-28 03:03:00 | INFO     | DF | Running on host workstation3
2022-11-28 03:03:00 | INFO     | DF | Loading model settings of df2_shrunk
2022-11-28 03:03:00 | INFO     | DF | Initializing model `deepfilternet2`
2022-11-28 03:03:01 | INFO     | DF | Found checkpoint models/df2_shrunk/checkpoints/model_30.ckpt.best with epoch 30
2022-11-28 03:03:01 | INFO     | DF | Running on device cuda:2
2022-11-28 03:03:01 | INFO     | DF | Model loaded
2022-11-28 03:03:02 | INFO     | DF | Enhanced noisy audio file 'noisy2_SNRdb_40.0_clnsp2.wav' in 0.3s (RT factor: 0.011)
2022-11-28 03:03:03 | INFO     | DF | Running on torch 1.13.0+cu117
2022-11-28 03:03:03 | INFO     | DF | Running on host workstation3
2022-11-28 03:03:03 | INFO     | DF | Loading model settings of df2_shrunk
2022-11-28 03:03:03 | INFO     | DF | Initializing model `deepfilternet2`
2022-11-28 03:03:04 | INFO     | DF | Found checkpoint models/df2_shrunk/checkpoints/model_30.ckpt.best with epoch 30
2022-11-28 03:03:04 | INFO     | DF | Running on device cuda:2
2022-11-28 03:03:04 | INFO     | DF | Model loaded
2022-11-28 03:03:04 | INFO     | DF | Enhanced noisy audio file 'noisy3_SNRdb_0.0_clnsp3.wav' in 0.3s (RT factor: 0.011)
2022-11-28 03:03:06 | INFO     | DF | Running on torch 1.13.0+cu117
2022-11-28 03:03:06 | INFO     | DF | Running on host workstation3
2022-11-28 03:03:06 | INFO     | DF | Loading model settings of df2_shrunk
2022-11-28 03:03:06 | INFO     | DF | Initializing model `deepfilternet2`
2022-11-28 03:03:07 | INFO     | DF | Found checkpoint models/df2_shrunk/checkpoints/model_30.ckpt.best with epoch 30
2022-11-28 03:03:07 | INFO     | DF | Running on device cuda:2
2022-11-28 03:03:07 | INFO     | DF | Model loaded
2022-11-28 03:03:07 | INFO     | DF | Enhanced noisy audio file 'noisy3_SNRdb_10.0_clnsp3.wav' in 0.4s (RT factor: 0.011)
2022-11-28 03:03:08 | INFO     | DF | Running on torch 1.13.0+cu117
2022-11-28 03:03:08 | INFO     | DF | Running on host workstation3
2022-11-28 03:03:08 | INFO     | DF | Loading model settings of df2_shrunk
2022-11-28 03:03:08 | INFO     | DF | Initializing model `deepfilternet2`
2022-11-28 03:03:09 | INFO     | DF | Found checkpoint models/df2_shrunk/checkpoints/model_30.ckpt.best with epoch 30
2022-11-28 03:03:09 | INFO     | DF | Running on device cuda:2
2022-11-28 03:03:09 | INFO     | DF | Model loaded
2022-11-28 03:03:10 | INFO     | DF | Enhanced noisy audio file 'noisy3_SNRdb_20.0_clnsp3.wav' in 0.3s (RT factor: 0.011)
2022-11-28 03:03:11 | INFO     | DF | Running on torch 1.13.0+cu117
2022-11-28 03:03:11 | INFO     | DF | Running on host workstation3
2022-11-28 03:03:11 | INFO     | DF | Loading model settings of df2_shrunk
2022-11-28 03:03:11 | INFO     | DF | Initializing model `deepfilternet2`
2022-11-28 03:03:12 | INFO     | DF | Found checkpoint models/df2_shrunk/checkpoints/model_30.ckpt.best with epoch 30
2022-11-28 03:03:12 | INFO     | DF | Running on device cuda:2
2022-11-28 03:03:12 | INFO     | DF | Model loaded
2022-11-28 03:03:12 | INFO     | DF | Enhanced noisy audio file 'noisy3_SNRdb_30.0_clnsp3.wav' in 0.3s (RT factor: 0.011)
2022-11-28 03:03:13 | INFO     | DF | Running on torch 1.13.0+cu117
2022-11-28 03:03:13 | INFO     | DF | Running on host workstation3
2022-11-28 03:03:13 | INFO     | DF | Loading model settings of df2_shrunk
2022-11-28 03:03:13 | INFO     | DF | Initializing model `deepfilternet2`
2022-11-28 03:03:14 | INFO     | DF | Found checkpoint models/df2_shrunk/checkpoints/model_30.ckpt.best with epoch 30
2022-11-28 03:03:14 | INFO     | DF | Running on device cuda:2
2022-11-28 03:03:14 | INFO     | DF | Model loaded
2022-11-28 03:03:15 | INFO     | DF | Enhanced noisy audio file 'noisy3_SNRdb_40.0_clnsp3.wav' in 0.3s (RT factor: 0.011)
2022-11-28 04:30:32 | INFO     | DF | Running on torch 1.13.0+cu117
2022-11-28 04:30:32 | INFO     | DF | Running on host workstation3
2022-11-28 04:30:32 | INFO     | DF | Loading model settings of df2_shrunk
2022-11-28 04:30:32 | INFO     | DF | Initializing model `deepfilternet2`
2022-11-28 04:30:33 | INFO     | DF | Found checkpoint models/df2_shrunk/checkpoints/model_30.ckpt.best with epoch 30
2022-11-28 04:30:33 | INFO     | DF | Running on device cuda:2
2022-11-28 04:30:33 | INFO     | DF | Model loaded
2022-11-28 04:30:33 | INFO     | DF | Enhanced noisy audio file 'noisy1_SNRdb_0.0_clnsp1.wav' in 0.3s (RT factor: 0.011)
2022-11-28 04:30:35 | INFO     | DF | Running on torch 1.13.0+cu117
2022-11-28 04:30:35 | INFO     | DF | Running on host workstation3
2022-11-28 04:30:35 | INFO     | DF | Loading model settings of df2_shrunk
2022-11-28 04:30:35 | INFO     | DF | Initializing model `deepfilternet2`
2022-11-28 04:30:36 | INFO     | DF | Found checkpoint models/df2_shrunk/checkpoints/model_30.ckpt.best with epoch 30
2022-11-28 04:30:36 | INFO     | DF | Running on device cuda:2
2022-11-28 04:30:36 | INFO     | DF | Model loaded
2022-11-28 04:30:36 | INFO     | DF | Enhanced noisy audio file 'noisy1_SNRdb_1.0_clnsp1.wav' in 0.3s (RT factor: 0.011)
2022-11-28 04:30:37 | INFO     | DF | Running on torch 1.13.0+cu117
2022-11-28 04:30:37 | INFO     | DF | Running on host workstation3
2022-11-28 04:30:38 | INFO     | DF | Loading model settings of df2_shrunk
2022-11-28 04:30:38 | INFO     | DF | Initializing model `deepfilternet2`
2022-11-28 04:30:39 | INFO     | DF | Found checkpoint models/df2_shrunk/checkpoints/model_30.ckpt.best with epoch 30
2022-11-28 04:30:39 | INFO     | DF | Running on device cuda:2
2022-11-28 04:30:39 | INFO     | DF | Model loaded
2022-11-28 04:30:39 | INFO     | DF | Enhanced noisy audio file 'noisy1_SNRdb_2.0_clnsp1.wav' in 0.3s (RT factor: 0.011)
2022-11-28 04:30:40 | INFO     | DF | Running on torch 1.13.0+cu117
2022-11-28 04:30:40 | INFO     | DF | Running on host workstation3
2022-11-28 04:30:40 | INFO     | DF | Loading model settings of df2_shrunk
2022-11-28 04:30:40 | INFO     | DF | Initializing model `deepfilternet2`
2022-11-28 04:30:41 | INFO     | DF | Found checkpoint models/df2_shrunk/checkpoints/model_30.ckpt.best with epoch 30
2022-11-28 04:30:41 | INFO     | DF | Running on device cuda:2
2022-11-28 04:30:41 | INFO     | DF | Model loaded
2022-11-28 04:30:42 | INFO     | DF | Enhanced noisy audio file 'noisy1_SNRdb_3.0_clnsp1.wav' in 0.3s (RT factor: 0.011)
2022-11-28 04:30:43 | INFO     | DF | Running on torch 1.13.0+cu117
2022-11-28 04:30:43 | INFO     | DF | Running on host workstation3
2022-11-28 04:30:43 | INFO     | DF | Loading model settings of df2_shrunk
2022-11-28 04:30:43 | INFO     | DF | Initializing model `deepfilternet2`
2022-11-28 04:30:44 | INFO     | DF | Found checkpoint models/df2_shrunk/checkpoints/model_30.ckpt.best with epoch 30
2022-11-28 04:30:44 | INFO     | DF | Running on device cuda:2
2022-11-28 04:30:44 | INFO     | DF | Model loaded
2022-11-28 04:30:44 | INFO     | DF | Enhanced noisy audio file 'noisy1_SNRdb_4.0_clnsp1.wav' in 0.3s (RT factor: 0.011)
2022-11-28 04:30:46 | INFO     | DF | Running on torch 1.13.0+cu117
2022-11-28 04:30:46 | INFO     | DF | Running on host workstation3
2022-11-28 04:30:46 | INFO     | DF | Loading model settings of df2_shrunk
2022-11-28 04:30:46 | INFO     | DF | Initializing model `deepfilternet2`
2022-11-28 04:30:47 | INFO     | DF | Found checkpoint models/df2_shrunk/checkpoints/model_30.ckpt.best with epoch 30
2022-11-28 04:30:47 | INFO     | DF | Running on device cuda:2
2022-11-28 04:30:47 | INFO     | DF | Model loaded
2022-11-28 04:30:47 | INFO     | DF | Enhanced noisy audio file 'noisy1_SNRdb_5.0_clnsp1.wav' in 0.3s (RT factor: 0.011)
2022-11-28 04:30:48 | INFO     | DF | Running on torch 1.13.0+cu117
2022-11-28 04:30:48 | INFO     | DF | Running on host workstation3
2022-11-28 04:30:48 | INFO     | DF | Loading model settings of df2_shrunk
2022-11-28 04:30:48 | INFO     | DF | Initializing model `deepfilternet2`
2022-11-28 04:30:49 | INFO     | DF | Found checkpoint models/df2_shrunk/checkpoints/model_30.ckpt.best with epoch 30
2022-11-28 04:30:49 | INFO     | DF | Running on device cuda:2
2022-11-28 04:30:49 | INFO     | DF | Model loaded
2022-11-28 04:30:50 | INFO     | DF | Enhanced noisy audio file 'noisy1_SNRdb_6.0_clnsp1.wav' in 0.3s (RT factor: 0.011)
2022-11-28 04:30:51 | INFO     | DF | Running on torch 1.13.0+cu117
2022-11-28 04:30:51 | INFO     | DF | Running on host workstation3
2022-11-28 04:30:51 | INFO     | DF | Loading model settings of df2_shrunk
2022-11-28 04:30:51 | INFO     | DF | Initializing model `deepfilternet2`
2022-11-28 04:30:52 | INFO     | DF | Found checkpoint models/df2_shrunk/checkpoints/model_30.ckpt.best with epoch 30
2022-11-28 04:30:52 | INFO     | DF | Running on device cuda:2
2022-11-28 04:30:52 | INFO     | DF | Model loaded
2022-11-28 04:30:52 | INFO     | DF | Enhanced noisy audio file 'noisy1_SNRdb_7.0_clnsp1.wav' in 0.3s (RT factor: 0.011)
2022-11-28 04:30:54 | INFO     | DF | Running on torch 1.13.0+cu117
2022-11-28 04:30:54 | INFO     | DF | Running on host workstation3
2022-11-28 04:30:54 | INFO     | DF | Loading model settings of df2_shrunk
2022-11-28 04:30:54 | INFO     | DF | Initializing model `deepfilternet2`
2022-11-28 04:30:55 | INFO     | DF | Found checkpoint models/df2_shrunk/checkpoints/model_30.ckpt.best with epoch 30
2022-11-28 04:30:55 | INFO     | DF | Running on device cuda:2
2022-11-28 04:30:55 | INFO     | DF | Model loaded
2022-11-28 04:30:55 | INFO     | DF | Enhanced noisy audio file 'noisy1_SNRdb_8.0_clnsp1.wav' in 0.3s (RT factor: 0.011)
2022-11-28 04:30:56 | INFO     | DF | Running on torch 1.13.0+cu117
2022-11-28 04:30:56 | INFO     | DF | Running on host workstation3
2022-11-28 04:30:56 | INFO     | DF | Loading model settings of df2_shrunk
2022-11-28 04:30:56 | INFO     | DF | Initializing model `deepfilternet2`
2022-11-28 04:30:57 | INFO     | DF | Found checkpoint models/df2_shrunk/checkpoints/model_30.ckpt.best with epoch 30
2022-11-28 04:30:57 | INFO     | DF | Running on device cuda:2
2022-11-28 04:30:57 | INFO     | DF | Model loaded
2022-11-28 04:30:58 | INFO     | DF | Enhanced noisy audio file 'noisy1_SNRdb_9.0_clnsp1.wav' in 0.3s (RT factor: 0.011)
2022-11-28 04:30:59 | INFO     | DF | Running on torch 1.13.0+cu117
2022-11-28 04:30:59 | INFO     | DF | Running on host workstation3
2022-11-28 04:30:59 | INFO     | DF | Loading model settings of df2_shrunk
2022-11-28 04:30:59 | INFO     | DF | Initializing model `deepfilternet2`
2022-11-28 04:31:00 | INFO     | DF | Found checkpoint models/df2_shrunk/checkpoints/model_30.ckpt.best with epoch 30
2022-11-28 04:31:00 | INFO     | DF | Running on device cuda:2
2022-11-28 04:31:00 | INFO     | DF | Model loaded
2022-11-28 04:31:00 | INFO     | DF | Enhanced noisy audio file 'noisy2_SNRdb_0.0_clnsp2.wav' in 0.3s (RT factor: 0.011)
2022-11-28 04:31:02 | INFO     | DF | Running on torch 1.13.0+cu117
2022-11-28 04:31:02 | INFO     | DF | Running on host workstation3
2022-11-28 04:31:02 | INFO     | DF | Loading model settings of df2_shrunk
2022-11-28 04:31:02 | INFO     | DF | Initializing model `deepfilternet2`
2022-11-28 04:31:03 | INFO     | DF | Found checkpoint models/df2_shrunk/checkpoints/model_30.ckpt.best with epoch 30
2022-11-28 04:31:03 | INFO     | DF | Running on device cuda:2
2022-11-28 04:31:03 | INFO     | DF | Model loaded
2022-11-28 04:31:03 | INFO     | DF | Enhanced noisy audio file 'noisy2_SNRdb_1.0_clnsp2.wav' in 0.3s (RT factor: 0.011)
2022-11-28 04:31:04 | INFO     | DF | Running on torch 1.13.0+cu117
2022-11-28 04:31:04 | INFO     | DF | Running on host workstation3
2022-11-28 04:31:04 | INFO     | DF | Loading model settings of df2_shrunk
2022-11-28 04:31:04 | INFO     | DF | Initializing model `deepfilternet2`
2022-11-28 04:31:05 | INFO     | DF | Found checkpoint models/df2_shrunk/checkpoints/model_30.ckpt.best with epoch 30
2022-11-28 04:31:05 | INFO     | DF | Running on device cuda:2
2022-11-28 04:31:05 | INFO     | DF | Model loaded
2022-11-28 04:31:06 | INFO     | DF | Enhanced noisy audio file 'noisy2_SNRdb_2.0_clnsp2.wav' in 0.3s (RT factor: 0.011)
2022-11-28 04:31:07 | INFO     | DF | Running on torch 1.13.0+cu117
2022-11-28 04:31:07 | INFO     | DF | Running on host workstation3
2022-11-28 04:31:07 | INFO     | DF | Loading model settings of df2_shrunk
2022-11-28 04:31:07 | INFO     | DF | Initializing model `deepfilternet2`
2022-11-28 04:31:08 | INFO     | DF | Found checkpoint models/df2_shrunk/checkpoints/model_30.ckpt.best with epoch 30
2022-11-28 04:31:08 | INFO     | DF | Running on device cuda:2
2022-11-28 04:31:08 | INFO     | DF | Model loaded
2022-11-28 04:31:08 | INFO     | DF | Enhanced noisy audio file 'noisy2_SNRdb_3.0_clnsp2.wav' in 0.3s (RT factor: 0.011)
2022-11-28 04:31:10 | INFO     | DF | Running on torch 1.13.0+cu117
2022-11-28 04:31:10 | INFO     | DF | Running on host workstation3
2022-11-28 04:31:10 | INFO     | DF | Loading model settings of df2_shrunk
2022-11-28 04:31:10 | INFO     | DF | Initializing model `deepfilternet2`
2022-11-28 04:31:11 | INFO     | DF | Found checkpoint models/df2_shrunk/checkpoints/model_30.ckpt.best with epoch 30
2022-11-28 04:31:11 | INFO     | DF | Running on device cuda:2
2022-11-28 04:31:11 | INFO     | DF | Model loaded
2022-11-28 04:31:11 | INFO     | DF | Enhanced noisy audio file 'noisy2_SNRdb_4.0_clnsp2.wav' in 0.3s (RT factor: 0.011)
2022-11-28 04:31:12 | INFO     | DF | Running on torch 1.13.0+cu117
2022-11-28 04:31:12 | INFO     | DF | Running on host workstation3
2022-11-28 04:31:12 | INFO     | DF | Loading model settings of df2_shrunk
2022-11-28 04:31:12 | INFO     | DF | Initializing model `deepfilternet2`
2022-11-28 04:31:13 | INFO     | DF | Found checkpoint models/df2_shrunk/checkpoints/model_30.ckpt.best with epoch 30
2022-11-28 04:31:13 | INFO     | DF | Running on device cuda:2
2022-11-28 04:31:13 | INFO     | DF | Model loaded
2022-11-28 04:31:14 | INFO     | DF | Enhanced noisy audio file 'noisy2_SNRdb_5.0_clnsp2.wav' in 0.3s (RT factor: 0.011)
2022-11-28 04:31:15 | INFO     | DF | Running on torch 1.13.0+cu117
2022-11-28 04:31:15 | INFO     | DF | Running on host workstation3
2022-11-28 04:31:15 | INFO     | DF | Loading model settings of df2_shrunk
2022-11-28 04:31:15 | INFO     | DF | Initializing model `deepfilternet2`
2022-11-28 04:31:16 | INFO     | DF | Found checkpoint models/df2_shrunk/checkpoints/model_30.ckpt.best with epoch 30
2022-11-28 04:31:16 | INFO     | DF | Running on device cuda:2
2022-11-28 04:31:16 | INFO     | DF | Model loaded
2022-11-28 04:31:16 | INFO     | DF | Enhanced noisy audio file 'noisy2_SNRdb_6.0_clnsp2.wav' in 0.3s (RT factor: 0.011)
2022-11-28 04:31:18 | INFO     | DF | Running on torch 1.13.0+cu117
2022-11-28 04:31:18 | INFO     | DF | Running on host workstation3
2022-11-28 04:31:18 | INFO     | DF | Loading model settings of df2_shrunk
2022-11-28 04:31:18 | INFO     | DF | Initializing model `deepfilternet2`
2022-11-28 04:31:19 | INFO     | DF | Found checkpoint models/df2_shrunk/checkpoints/model_30.ckpt.best with epoch 30
2022-11-28 04:31:19 | INFO     | DF | Running on device cuda:2
2022-11-28 04:31:19 | INFO     | DF | Model loaded
2022-11-28 04:31:19 | INFO     | DF | Enhanced noisy audio file 'noisy2_SNRdb_7.0_clnsp2.wav' in 0.3s (RT factor: 0.011)
2022-11-28 04:31:20 | INFO     | DF | Running on torch 1.13.0+cu117
2022-11-28 04:31:20 | INFO     | DF | Running on host workstation3
2022-11-28 04:31:20 | INFO     | DF | Loading model settings of df2_shrunk
2022-11-28 04:31:20 | INFO     | DF | Initializing model `deepfilternet2`
2022-11-28 04:31:21 | INFO     | DF | Found checkpoint models/df2_shrunk/checkpoints/model_30.ckpt.best with epoch 30
2022-11-28 04:31:21 | INFO     | DF | Running on device cuda:2
2022-11-28 04:31:21 | INFO     | DF | Model loaded
2022-11-28 04:31:22 | INFO     | DF | Enhanced noisy audio file 'noisy2_SNRdb_8.0_clnsp2.wav' in 0.3s (RT factor: 0.011)
2022-11-28 04:31:23 | INFO     | DF | Running on torch 1.13.0+cu117
2022-11-28 04:31:23 | INFO     | DF | Running on host workstation3
2022-11-28 04:31:23 | INFO     | DF | Loading model settings of df2_shrunk
2022-11-28 04:31:23 | INFO     | DF | Initializing model `deepfilternet2`
2022-11-28 04:31:24 | INFO     | DF | Found checkpoint models/df2_shrunk/checkpoints/model_30.ckpt.best with epoch 30
2022-11-28 04:31:24 | INFO     | DF | Running on device cuda:2
2022-11-28 04:31:24 | INFO     | DF | Model loaded
2022-11-28 04:31:24 | INFO     | DF | Enhanced noisy audio file 'noisy2_SNRdb_9.0_clnsp2.wav' in 0.3s (RT factor: 0.011)
2022-11-28 04:31:26 | INFO     | DF | Running on torch 1.13.0+cu117
2022-11-28 04:31:26 | INFO     | DF | Running on host workstation3
2022-11-28 04:31:26 | INFO     | DF | Loading model settings of df2_shrunk
2022-11-28 04:31:26 | INFO     | DF | Initializing model `deepfilternet2`
2022-11-28 04:31:27 | INFO     | DF | Found checkpoint models/df2_shrunk/checkpoints/model_30.ckpt.best with epoch 30
2022-11-28 04:31:27 | INFO     | DF | Running on device cuda:2
2022-11-28 04:31:27 | INFO     | DF | Model loaded
2022-11-28 04:31:27 | INFO     | DF | Enhanced noisy audio file 'noisy3_SNRdb_0.0_clnsp3.wav' in 0.4s (RT factor: 0.011)
2022-11-28 04:31:28 | INFO     | DF | Running on torch 1.13.0+cu117
2022-11-28 04:31:28 | INFO     | DF | Running on host workstation3
2022-11-28 04:31:28 | INFO     | DF | Loading model settings of df2_shrunk
2022-11-28 04:31:28 | INFO     | DF | Initializing model `deepfilternet2`
2022-11-28 04:31:29 | INFO     | DF | Found checkpoint models/df2_shrunk/checkpoints/model_30.ckpt.best with epoch 30
2022-11-28 04:31:29 | INFO     | DF | Running on device cuda:2
2022-11-28 04:31:29 | INFO     | DF | Model loaded
2022-11-28 04:31:30 | INFO     | DF | Enhanced noisy audio file 'noisy3_SNRdb_1.0_clnsp3.wav' in 0.3s (RT factor: 0.011)
2022-11-28 04:31:31 | INFO     | DF | Running on torch 1.13.0+cu117
2022-11-28 04:31:31 | INFO     | DF | Running on host workstation3
2022-11-28 04:31:31 | INFO     | DF | Loading model settings of df2_shrunk
2022-11-28 04:31:31 | INFO     | DF | Initializing model `deepfilternet2`
2022-11-28 04:31:32 | INFO     | DF | Found checkpoint models/df2_shrunk/checkpoints/model_30.ckpt.best with epoch 30
2022-11-28 04:31:32 | INFO     | DF | Running on device cuda:2
2022-11-28 04:31:32 | INFO     | DF | Model loaded
2022-11-28 04:31:32 | INFO     | DF | Enhanced noisy audio file 'noisy3_SNRdb_2.0_clnsp3.wav' in 0.3s (RT factor: 0.011)
2022-11-28 04:31:34 | INFO     | DF | Running on torch 1.13.0+cu117
2022-11-28 04:31:34 | INFO     | DF | Running on host workstation3
2022-11-28 04:31:34 | INFO     | DF | Loading model settings of df2_shrunk
2022-11-28 04:31:34 | INFO     | DF | Initializing model `deepfilternet2`
2022-11-28 04:31:35 | INFO     | DF | Found checkpoint models/df2_shrunk/checkpoints/model_30.ckpt.best with epoch 30
2022-11-28 04:31:35 | INFO     | DF | Running on device cuda:2
2022-11-28 04:31:35 | INFO     | DF | Model loaded
2022-11-28 04:31:35 | INFO     | DF | Enhanced noisy audio file 'noisy3_SNRdb_3.0_clnsp3.wav' in 0.3s (RT factor: 0.011)
2022-11-28 04:31:36 | INFO     | DF | Running on torch 1.13.0+cu117
2022-11-28 04:31:36 | INFO     | DF | Running on host workstation3
2022-11-28 04:31:36 | INFO     | DF | Loading model settings of df2_shrunk
2022-11-28 04:31:36 | INFO     | DF | Initializing model `deepfilternet2`
2022-11-28 04:31:37 | INFO     | DF | Found checkpoint models/df2_shrunk/checkpoints/model_30.ckpt.best with epoch 30
2022-11-28 04:31:37 | INFO     | DF | Running on device cuda:2
2022-11-28 04:31:37 | INFO     | DF | Model loaded
2022-11-28 04:31:38 | INFO     | DF | Enhanced noisy audio file 'noisy3_SNRdb_4.0_clnsp3.wav' in 0.3s (RT factor: 0.011)
2022-11-28 04:31:39 | INFO     | DF | Running on torch 1.13.0+cu117
2022-11-28 04:31:39 | INFO     | DF | Running on host workstation3
2022-11-28 04:31:39 | INFO     | DF | Loading model settings of df2_shrunk
2022-11-28 04:31:39 | INFO     | DF | Initializing model `deepfilternet2`
2022-11-28 04:31:40 | INFO     | DF | Found checkpoint models/df2_shrunk/checkpoints/model_30.ckpt.best with epoch 30
2022-11-28 04:31:40 | INFO     | DF | Running on device cuda:2
2022-11-28 04:31:40 | INFO     | DF | Model loaded
2022-11-28 04:31:40 | INFO     | DF | Enhanced noisy audio file 'noisy3_SNRdb_5.0_clnsp3.wav' in 0.3s (RT factor: 0.011)
2022-11-28 04:31:42 | INFO     | DF | Running on torch 1.13.0+cu117
2022-11-28 04:31:42 | INFO     | DF | Running on host workstation3
2022-11-28 04:31:42 | INFO     | DF | Loading model settings of df2_shrunk
2022-11-28 04:31:42 | INFO     | DF | Initializing model `deepfilternet2`
2022-11-28 04:31:43 | INFO     | DF | Found checkpoint models/df2_shrunk/checkpoints/model_30.ckpt.best with epoch 30
2022-11-28 04:31:43 | INFO     | DF | Running on device cuda:2
2022-11-28 04:31:43 | INFO     | DF | Model loaded
2022-11-28 04:31:43 | INFO     | DF | Enhanced noisy audio file 'noisy3_SNRdb_6.0_clnsp3.wav' in 0.3s (RT factor: 0.011)
2022-11-28 04:31:44 | INFO     | DF | Running on torch 1.13.0+cu117
2022-11-28 04:31:44 | INFO     | DF | Running on host workstation3
2022-11-28 04:31:44 | INFO     | DF | Loading model settings of df2_shrunk
2022-11-28 04:31:44 | INFO     | DF | Initializing model `deepfilternet2`
2022-11-28 04:31:45 | INFO     | DF | Found checkpoint models/df2_shrunk/checkpoints/model_30.ckpt.best with epoch 30
2022-11-28 04:31:45 | INFO     | DF | Running on device cuda:2
2022-11-28 04:31:45 | INFO     | DF | Model loaded
2022-11-28 04:31:46 | INFO     | DF | Enhanced noisy audio file 'noisy3_SNRdb_7.0_clnsp3.wav' in 0.3s (RT factor: 0.011)
2022-11-28 04:31:47 | INFO     | DF | Running on torch 1.13.0+cu117
2022-11-28 04:31:47 | INFO     | DF | Running on host workstation3
2022-11-28 04:31:47 | INFO     | DF | Loading model settings of df2_shrunk
2022-11-28 04:31:47 | INFO     | DF | Initializing model `deepfilternet2`
2022-11-28 04:31:48 | INFO     | DF | Found checkpoint models/df2_shrunk/checkpoints/model_30.ckpt.best with epoch 30
2022-11-28 04:31:48 | INFO     | DF | Running on device cuda:2
2022-11-28 04:31:48 | INFO     | DF | Model loaded
2022-11-28 04:31:48 | INFO     | DF | Enhanced noisy audio file 'noisy3_SNRdb_8.0_clnsp3.wav' in 0.3s (RT factor: 0.011)
2022-11-28 04:31:50 | INFO     | DF | Running on torch 1.13.0+cu117
2022-11-28 04:31:50 | INFO     | DF | Running on host workstation3
2022-11-28 04:31:50 | INFO     | DF | Loading model settings of df2_shrunk
2022-11-28 04:31:50 | INFO     | DF | Initializing model `deepfilternet2`
2022-11-28 04:31:51 | INFO     | DF | Found checkpoint models/df2_shrunk/checkpoints/model_30.ckpt.best with epoch 30
2022-11-28 04:31:51 | INFO     | DF | Running on device cuda:2
2022-11-28 04:31:51 | INFO     | DF | Model loaded
2022-11-28 04:31:51 | INFO     | DF | Enhanced noisy audio file 'noisy3_SNRdb_9.0_clnsp3.wav' in 0.3s (RT factor: 0.011)
2022-11-28 04:31:52 | INFO     | DF | Running on torch 1.13.0+cu117
2022-11-28 04:31:52 | INFO     | DF | Running on host workstation3
2022-11-28 04:31:52 | INFO     | DF | Loading model settings of df2_shrunk
2022-11-28 04:31:52 | INFO     | DF | Initializing model `deepfilternet2`
2022-11-28 04:31:53 | INFO     | DF | Found checkpoint models/df2_shrunk/checkpoints/model_30.ckpt.best with epoch 30
2022-11-28 04:31:53 | INFO     | DF | Running on device cuda:2
2022-11-28 04:31:53 | INFO     | DF | Model loaded
2022-11-28 04:31:54 | INFO     | DF | Enhanced noisy audio file 'noisy4_SNRdb_0.0_clnsp4.wav' in 0.3s (RT factor: 0.011)
2022-11-28 04:31:55 | INFO     | DF | Running on torch 1.13.0+cu117
2022-11-28 04:31:55 | INFO     | DF | Running on host workstation3
2022-11-28 04:31:55 | INFO     | DF | Loading model settings of df2_shrunk
2022-11-28 04:31:55 | INFO     | DF | Initializing model `deepfilternet2`
2022-11-28 04:31:56 | INFO     | DF | Found checkpoint models/df2_shrunk/checkpoints/model_30.ckpt.best with epoch 30
2022-11-28 04:31:56 | INFO     | DF | Running on device cuda:2
2022-11-28 04:31:56 | INFO     | DF | Model loaded
2022-11-28 04:31:57 | INFO     | DF | Enhanced noisy audio file 'noisy4_SNRdb_1.0_clnsp4.wav' in 0.3s (RT factor: 0.011)
2022-11-28 04:31:58 | INFO     | DF | Running on torch 1.13.0+cu117
2022-11-28 04:31:58 | INFO     | DF | Running on host workstation3
2022-11-28 04:31:58 | INFO     | DF | Loading model settings of df2_shrunk
2022-11-28 04:31:58 | INFO     | DF | Initializing model `deepfilternet2`
2022-11-28 04:31:59 | INFO     | DF | Found checkpoint models/df2_shrunk/checkpoints/model_30.ckpt.best with epoch 30
2022-11-28 04:31:59 | INFO     | DF | Running on device cuda:2
2022-11-28 04:31:59 | INFO     | DF | Model loaded
2022-11-28 04:31:59 | INFO     | DF | Enhanced noisy audio file 'noisy4_SNRdb_2.0_clnsp4.wav' in 0.3s (RT factor: 0.011)
2022-11-28 04:32:00 | INFO     | DF | Running on torch 1.13.0+cu117
2022-11-28 04:32:00 | INFO     | DF | Running on host workstation3
2022-11-28 04:32:00 | INFO     | DF | Loading model settings of df2_shrunk
2022-11-28 04:32:00 | INFO     | DF | Initializing model `deepfilternet2`
2022-11-28 04:32:01 | INFO     | DF | Found checkpoint models/df2_shrunk/checkpoints/model_30.ckpt.best with epoch 30
2022-11-28 04:32:01 | INFO     | DF | Running on device cuda:2
2022-11-28 04:32:01 | INFO     | DF | Model loaded
2022-11-28 04:32:02 | INFO     | DF | Enhanced noisy audio file 'noisy4_SNRdb_3.0_clnsp4.wav' in 0.4s (RT factor: 0.012)
2022-11-28 04:32:03 | INFO     | DF | Running on torch 1.13.0+cu117
2022-11-28 04:32:03 | INFO     | DF | Running on host workstation3
2022-11-28 04:32:03 | INFO     | DF | Loading model settings of df2_shrunk
2022-11-28 04:32:03 | INFO     | DF | Initializing model `deepfilternet2`
2022-11-28 04:32:04 | INFO     | DF | Found checkpoint models/df2_shrunk/checkpoints/model_30.ckpt.best with epoch 30
2022-11-28 04:32:04 | INFO     | DF | Running on device cuda:2
2022-11-28 04:32:04 | INFO     | DF | Model loaded
2022-11-28 04:32:05 | INFO     | DF | Enhanced noisy audio file 'noisy4_SNRdb_4.0_clnsp4.wav' in 0.3s (RT factor: 0.011)
2022-11-28 04:32:06 | INFO     | DF | Running on torch 1.13.0+cu117
2022-11-28 04:32:06 | INFO     | DF | Running on host workstation3
2022-11-28 04:32:06 | INFO     | DF | Loading model settings of df2_shrunk
2022-11-28 04:32:06 | INFO     | DF | Initializing model `deepfilternet2`
2022-11-28 04:32:07 | INFO     | DF | Found checkpoint models/df2_shrunk/checkpoints/model_30.ckpt.best with epoch 30
2022-11-28 04:32:07 | INFO     | DF | Running on device cuda:2
2022-11-28 04:32:07 | INFO     | DF | Model loaded
2022-11-28 04:32:07 | INFO     | DF | Enhanced noisy audio file 'noisy4_SNRdb_5.0_clnsp4.wav' in 0.3s (RT factor: 0.011)
2022-11-28 04:32:09 | INFO     | DF | Running on torch 1.13.0+cu117
2022-11-28 04:32:09 | INFO     | DF | Running on host workstation3
2022-11-28 04:32:09 | INFO     | DF | Loading model settings of df2_shrunk
2022-11-28 04:32:09 | INFO     | DF | Initializing model `deepfilternet2`
2022-11-28 04:32:10 | INFO     | DF | Found checkpoint models/df2_shrunk/checkpoints/model_30.ckpt.best with epoch 30
2022-11-28 04:32:10 | INFO     | DF | Running on device cuda:2
2022-11-28 04:32:10 | INFO     | DF | Model loaded
2022-11-28 04:32:10 | INFO     | DF | Enhanced noisy audio file 'noisy4_SNRdb_6.0_clnsp4.wav' in 0.3s (RT factor: 0.011)
2022-11-28 04:32:11 | INFO     | DF | Running on torch 1.13.0+cu117
2022-11-28 04:32:11 | INFO     | DF | Running on host workstation3
2022-11-28 04:32:11 | INFO     | DF | Loading model settings of df2_shrunk
2022-11-28 04:32:11 | INFO     | DF | Initializing model `deepfilternet2`
2022-11-28 04:32:12 | INFO     | DF | Found checkpoint models/df2_shrunk/checkpoints/model_30.ckpt.best with epoch 30
2022-11-28 04:32:12 | INFO     | DF | Running on device cuda:2
2022-11-28 04:32:12 | INFO     | DF | Model loaded
2022-11-28 04:32:13 | INFO     | DF | Enhanced noisy audio file 'noisy4_SNRdb_7.0_clnsp4.wav' in 0.3s (RT factor: 0.011)
2022-11-28 04:32:14 | INFO     | DF | Running on torch 1.13.0+cu117
2022-11-28 04:32:14 | INFO     | DF | Running on host workstation3
2022-11-28 04:32:14 | INFO     | DF | Loading model settings of df2_shrunk
2022-11-28 04:32:14 | INFO     | DF | Initializing model `deepfilternet2`
2022-11-28 04:32:15 | INFO     | DF | Found checkpoint models/df2_shrunk/checkpoints/model_30.ckpt.best with epoch 30
2022-11-28 04:32:15 | INFO     | DF | Running on device cuda:2
2022-11-28 04:32:15 | INFO     | DF | Model loaded
2022-11-28 04:32:15 | INFO     | DF | Enhanced noisy audio file 'noisy4_SNRdb_8.0_clnsp4.wav' in 0.3s (RT factor: 0.011)
2022-11-28 04:32:16 | INFO     | DF | Running on torch 1.13.0+cu117
2022-11-28 04:32:16 | INFO     | DF | Running on host workstation3
2022-11-28 04:32:17 | INFO     | DF | Loading model settings of df2_shrunk
2022-11-28 04:32:17 | INFO     | DF | Initializing model `deepfilternet2`
2022-11-28 04:32:17 | INFO     | DF | Found checkpoint models/df2_shrunk/checkpoints/model_30.ckpt.best with epoch 30
2022-11-28 04:32:17 | INFO     | DF | Running on device cuda:2
2022-11-28 04:32:17 | INFO     | DF | Model loaded
2022-11-28 04:32:18 | INFO     | DF | Enhanced noisy audio file 'noisy4_SNRdb_9.0_clnsp4.wav' in 0.3s (RT factor: 0.011)
2022-11-28 04:32:19 | INFO     | DF | Running on torch 1.13.0+cu117
2022-11-28 04:32:19 | INFO     | DF | Running on host workstation3
2022-11-28 04:32:19 | INFO     | DF | Loading model settings of df2_shrunk
2022-11-28 04:32:19 | INFO     | DF | Initializing model `deepfilternet2`
2022-11-28 04:32:20 | INFO     | DF | Found checkpoint models/df2_shrunk/checkpoints/model_30.ckpt.best with epoch 30
2022-11-28 04:32:20 | INFO     | DF | Running on device cuda:2
2022-11-28 04:32:20 | INFO     | DF | Model loaded
2022-11-28 04:32:21 | INFO     | DF | Enhanced noisy audio file 'noisy5_SNRdb_0.0_clnsp5.wav' in 0.4s (RT factor: 0.011)
2022-11-28 04:32:22 | INFO     | DF | Running on torch 1.13.0+cu117
2022-11-28 04:32:22 | INFO     | DF | Running on host workstation3
2022-11-28 04:32:22 | INFO     | DF | Loading model settings of df2_shrunk
2022-11-28 04:32:22 | INFO     | DF | Initializing model `deepfilternet2`
2022-11-28 04:32:23 | INFO     | DF | Found checkpoint models/df2_shrunk/checkpoints/model_30.ckpt.best with epoch 30
2022-11-28 04:32:23 | INFO     | DF | Running on device cuda:2
2022-11-28 04:32:23 | INFO     | DF | Model loaded
2022-11-28 04:32:23 | INFO     | DF | Enhanced noisy audio file 'noisy5_SNRdb_1.0_clnsp5.wav' in 0.3s (RT factor: 0.011)
2022-11-28 04:32:25 | INFO     | DF | Running on torch 1.13.0+cu117
2022-11-28 04:32:25 | INFO     | DF | Running on host workstation3
2022-11-28 04:32:25 | INFO     | DF | Loading model settings of df2_shrunk
2022-11-28 04:32:25 | INFO     | DF | Initializing model `deepfilternet2`
2022-11-28 04:32:26 | INFO     | DF | Found checkpoint models/df2_shrunk/checkpoints/model_30.ckpt.best with epoch 30
2022-11-28 04:32:26 | INFO     | DF | Running on device cuda:2
2022-11-28 04:32:26 | INFO     | DF | Model loaded
2022-11-28 04:32:26 | INFO     | DF | Enhanced noisy audio file 'noisy5_SNRdb_2.0_clnsp5.wav' in 0.3s (RT factor: 0.011)
2022-11-28 04:32:27 | INFO     | DF | Running on torch 1.13.0+cu117
2022-11-28 04:32:27 | INFO     | DF | Running on host workstation3
2022-11-28 04:32:27 | INFO     | DF | Loading model settings of df2_shrunk
2022-11-28 04:32:27 | INFO     | DF | Initializing model `deepfilternet2`
2022-11-28 04:32:28 | INFO     | DF | Found checkpoint models/df2_shrunk/checkpoints/model_30.ckpt.best with epoch 30
2022-11-28 04:32:28 | INFO     | DF | Running on device cuda:2
2022-11-28 04:32:28 | INFO     | DF | Model loaded
2022-11-28 04:32:29 | INFO     | DF | Enhanced noisy audio file 'noisy5_SNRdb_3.0_clnsp5.wav' in 0.3s (RT factor: 0.011)
2022-11-28 04:32:30 | INFO     | DF | Running on torch 1.13.0+cu117
2022-11-28 04:32:30 | INFO     | DF | Running on host workstation3
2022-11-28 04:32:30 | INFO     | DF | Loading model settings of df2_shrunk
2022-11-28 04:32:30 | INFO     | DF | Initializing model `deepfilternet2`
2022-11-28 04:32:31 | INFO     | DF | Found checkpoint models/df2_shrunk/checkpoints/model_30.ckpt.best with epoch 30
2022-11-28 04:32:31 | INFO     | DF | Running on device cuda:2
2022-11-28 04:32:31 | INFO     | DF | Model loaded
2022-11-28 04:32:31 | INFO     | DF | Enhanced noisy audio file 'noisy5_SNRdb_4.0_clnsp5.wav' in 0.3s (RT factor: 0.011)
2022-11-28 04:32:33 | INFO     | DF | Running on torch 1.13.0+cu117
2022-11-28 04:32:33 | INFO     | DF | Running on host workstation3
2022-11-28 04:32:33 | INFO     | DF | Loading model settings of df2_shrunk
2022-11-28 04:32:33 | INFO     | DF | Initializing model `deepfilternet2`
2022-11-28 04:32:34 | INFO     | DF | Found checkpoint models/df2_shrunk/checkpoints/model_30.ckpt.best with epoch 30
2022-11-28 04:32:34 | INFO     | DF | Running on device cuda:2
2022-11-28 04:32:34 | INFO     | DF | Model loaded
2022-11-28 04:32:34 | INFO     | DF | Enhanced noisy audio file 'noisy5_SNRdb_5.0_clnsp5.wav' in 0.3s (RT factor: 0.011)
2022-11-28 04:32:35 | INFO     | DF | Running on torch 1.13.0+cu117
2022-11-28 04:32:35 | INFO     | DF | Running on host workstation3
2022-11-28 04:32:35 | INFO     | DF | Loading model settings of df2_shrunk
2022-11-28 04:32:35 | INFO     | DF | Initializing model `deepfilternet2`
2022-11-28 04:32:36 | INFO     | DF | Found checkpoint models/df2_shrunk/checkpoints/model_30.ckpt.best with epoch 30
2022-11-28 04:32:36 | INFO     | DF | Running on device cuda:2
2022-11-28 04:32:36 | INFO     | DF | Model loaded
2022-11-28 04:32:37 | INFO     | DF | Enhanced noisy audio file 'noisy5_SNRdb_6.0_clnsp5.wav' in 0.3s (RT factor: 0.011)
2022-11-28 04:32:38 | INFO     | DF | Running on torch 1.13.0+cu117
2022-11-28 04:32:38 | INFO     | DF | Running on host workstation3
2022-11-28 04:32:38 | INFO     | DF | Loading model settings of df2_shrunk
2022-11-28 04:32:38 | INFO     | DF | Initializing model `deepfilternet2`
2022-11-28 04:32:39 | INFO     | DF | Found checkpoint models/df2_shrunk/checkpoints/model_30.ckpt.best with epoch 30
2022-11-28 04:32:39 | INFO     | DF | Running on device cuda:2
2022-11-28 04:32:39 | INFO     | DF | Model loaded
2022-11-28 04:32:39 | INFO     | DF | Enhanced noisy audio file 'noisy5_SNRdb_7.0_clnsp5.wav' in 0.3s (RT factor: 0.011)
2022-11-28 04:32:41 | INFO     | DF | Running on torch 1.13.0+cu117
2022-11-28 04:32:41 | INFO     | DF | Running on host workstation3
2022-11-28 04:32:41 | INFO     | DF | Loading model settings of df2_shrunk
2022-11-28 04:32:41 | INFO     | DF | Initializing model `deepfilternet2`
2022-11-28 04:32:42 | INFO     | DF | Found checkpoint models/df2_shrunk/checkpoints/model_30.ckpt.best with epoch 30
2022-11-28 04:32:42 | INFO     | DF | Running on device cuda:2
2022-11-28 04:32:42 | INFO     | DF | Model loaded
2022-11-28 04:32:42 | INFO     | DF | Enhanced noisy audio file 'noisy5_SNRdb_8.0_clnsp5.wav' in 0.3s (RT factor: 0.011)
2022-11-28 04:32:43 | INFO     | DF | Running on torch 1.13.0+cu117
2022-11-28 04:32:43 | INFO     | DF | Running on host workstation3
2022-11-28 04:32:43 | INFO     | DF | Loading model settings of df2_shrunk
2022-11-28 04:32:43 | INFO     | DF | Initializing model `deepfilternet2`
2022-11-28 04:32:44 | INFO     | DF | Found checkpoint models/df2_shrunk/checkpoints/model_30.ckpt.best with epoch 30
2022-11-28 04:32:44 | INFO     | DF | Running on device cuda:2
2022-11-28 04:32:44 | INFO     | DF | Model loaded
2022-11-28 04:32:45 | INFO     | DF | Enhanced noisy audio file 'noisy5_SNRdb_9.0_clnsp5.wav' in 0.3s (RT factor: 0.011)
2022-11-30 02:38:53 | INFO     | DF | Running on torch 1.13.0+cu117
2022-11-30 02:38:53 | INFO     | DF | Running on host workstation3
2022-11-30 02:38:53 | INFO     | DF | Loading model settings of df2_shrunk
2022-11-30 02:38:53 | INFO     | DF | Initializing model `deepfilternet2`
2022-11-30 02:38:54 | INFO     | DF | Found checkpoint models/df2_shrunk/checkpoints/model_30.ckpt.best with epoch 30
2022-11-30 02:38:54 | INFO     | DF | Running on device cuda:2
2022-11-30 02:38:54 | INFO     | DF | Model loaded
2022-11-30 02:38:56 | INFO     | DF | Running on torch 1.13.0+cu117
2022-11-30 02:38:56 | INFO     | DF | Running on host workstation3
2022-11-30 02:38:56 | INFO     | DF | Loading model settings of df2_shrunk
2022-11-30 02:38:56 | INFO     | DF | Initializing model `deepfilternet2`
2022-11-30 02:38:57 | INFO     | DF | Found checkpoint models/df2_shrunk/checkpoints/model_30.ckpt.best with epoch 30
2022-11-30 02:38:57 | INFO     | DF | Running on device cuda:2
2022-11-30 02:38:57 | INFO     | DF | Model loaded
2022-11-30 02:38:58 | INFO     | DF | Running on torch 1.13.0+cu117
2022-11-30 02:38:58 | INFO     | DF | Running on host workstation3
2022-11-30 02:38:58 | INFO     | DF | Loading model settings of df2_shrunk
2022-11-30 02:38:58 | INFO     | DF | Initializing model `deepfilternet2`
2022-11-30 02:38:59 | INFO     | DF | Found checkpoint models/df2_shrunk/checkpoints/model_30.ckpt.best with epoch 30
2022-11-30 02:38:59 | INFO     | DF | Running on device cuda:2
2022-11-30 02:38:59 | INFO     | DF | Model loaded
2022-11-30 02:39:00 | INFO     | DF | Running on torch 1.13.0+cu117
2022-11-30 02:39:00 | INFO     | DF | Running on host workstation3
2022-11-30 02:39:00 | INFO     | DF | Loading model settings of df2_shrunk
2022-11-30 02:39:00 | INFO     | DF | Initializing model `deepfilternet2`
2022-11-30 02:39:01 | INFO     | DF | Found checkpoint models/df2_shrunk/checkpoints/model_30.ckpt.best with epoch 30
2022-11-30 02:39:01 | INFO     | DF | Running on device cuda:2
2022-11-30 02:39:01 | INFO     | DF | Model loaded
2022-11-30 02:39:02 | INFO     | DF | Running on torch 1.13.0+cu117
2022-11-30 02:39:02 | INFO     | DF | Running on host workstation3
2022-11-30 02:39:02 | INFO     | DF | Loading model settings of df2_shrunk
2022-11-30 02:39:02 | INFO     | DF | Initializing model `deepfilternet2`
2022-11-30 02:39:03 | INFO     | DF | Found checkpoint models/df2_shrunk/checkpoints/model_30.ckpt.best with epoch 30
2022-11-30 02:39:03 | INFO     | DF | Running on device cuda:2
2022-11-30 02:39:03 | INFO     | DF | Model loaded
2022-11-30 02:39:04 | INFO     | DF | Running on torch 1.13.0+cu117
2022-11-30 02:39:04 | INFO     | DF | Running on host workstation3
2022-11-30 02:39:04 | INFO     | DF | Loading model settings of df2_shrunk
2022-11-30 02:39:04 | INFO     | DF | Initializing model `deepfilternet2`
2022-11-30 02:39:05 | INFO     | DF | Found checkpoint models/df2_shrunk/checkpoints/model_30.ckpt.best with epoch 30
2022-11-30 02:39:05 | INFO     | DF | Running on device cuda:2
2022-11-30 02:39:05 | INFO     | DF | Model loaded
2022-11-30 02:39:06 | INFO     | DF | Running on torch 1.13.0+cu117
2022-11-30 02:39:06 | INFO     | DF | Running on host workstation3
2022-11-30 02:39:06 | INFO     | DF | Loading model settings of df2_shrunk
2022-11-30 02:39:06 | INFO     | DF | Initializing model `deepfilternet2`
2022-11-30 02:39:07 | INFO     | DF | Found checkpoint models/df2_shrunk/checkpoints/model_30.ckpt.best with epoch 30
2022-11-30 02:39:07 | INFO     | DF | Running on device cuda:2
2022-11-30 02:39:07 | INFO     | DF | Model loaded
2022-11-30 02:39:09 | INFO     | DF | Running on torch 1.13.0+cu117
2022-11-30 02:39:09 | INFO     | DF | Running on host workstation3
2022-11-30 02:39:09 | INFO     | DF | Loading model settings of df2_shrunk
2022-11-30 02:39:09 | INFO     | DF | Initializing model `deepfilternet2`
2022-11-30 02:39:10 | INFO     | DF | Found checkpoint models/df2_shrunk/checkpoints/model_30.ckpt.best with epoch 30
2022-11-30 02:39:10 | INFO     | DF | Running on device cuda:2
2022-11-30 02:39:10 | INFO     | DF | Model loaded
2022-11-30 02:39:11 | INFO     | DF | Running on torch 1.13.0+cu117
2022-11-30 02:39:11 | INFO     | DF | Running on host workstation3
2022-11-30 02:39:11 | INFO     | DF | Loading model settings of df2_shrunk
2022-11-30 02:39:11 | INFO     | DF | Initializing model `deepfilternet2`
2022-11-30 02:39:12 | INFO     | DF | Found checkpoint models/df2_shrunk/checkpoints/model_30.ckpt.best with epoch 30
2022-11-30 02:39:12 | INFO     | DF | Running on device cuda:2
2022-11-30 02:39:12 | INFO     | DF | Model loaded
2022-11-30 02:41:08 | INFO     | DF | Running on torch 1.13.0+cu117
2022-11-30 02:41:08 | INFO     | DF | Running on host workstation3
2022-11-30 02:41:08 | INFO     | DF | Loading model settings of df2_shrunk
2022-11-30 02:41:08 | INFO     | DF | Initializing model `deepfilternet2`
2022-11-30 02:41:09 | INFO     | DF | Found checkpoint /home/tester/bokleong/dl_project_eval/DeepFilterNet/models/df2_shrunk/checkpoints/model_30.ckpt.best with epoch 30
2022-11-30 02:41:09 | INFO     | DF | Running on device cuda:2
2022-11-30 02:41:09 | INFO     | DF | Model loaded
2022-11-30 02:41:09 | INFO     | DF | Enhanced noisy audio file 'noisy1_SNRdb_0.0_clnsp1.wav' in 0.3s (RT factor: 0.052)
2022-11-30 02:41:11 | INFO     | DF | Running on torch 1.13.0+cu117
2022-11-30 02:41:11 | INFO     | DF | Running on host workstation3
2022-11-30 02:41:11 | INFO     | DF | Loading model settings of df2_shrunk
2022-11-30 02:41:11 | INFO     | DF | Initializing model `deepfilternet2`
2022-11-30 02:41:12 | INFO     | DF | Found checkpoint /home/tester/bokleong/dl_project_eval/DeepFilterNet/models/df2_shrunk/checkpoints/model_30.ckpt.best with epoch 30
2022-11-30 02:41:12 | INFO     | DF | Running on device cuda:2
2022-11-30 02:41:12 | INFO     | DF | Model loaded
2022-11-30 02:41:12 | INFO     | DF | Enhanced noisy audio file 'noisy1_SNRdb_10.0_clnsp1.wav' in 0.2s (RT factor: 0.047)
2022-11-30 02:41:13 | INFO     | DF | Running on torch 1.13.0+cu117
2022-11-30 02:41:13 | INFO     | DF | Running on host workstation3
2022-11-30 02:41:13 | INFO     | DF | Loading model settings of df2_shrunk
2022-11-30 02:41:13 | INFO     | DF | Initializing model `deepfilternet2`
2022-11-30 02:41:14 | INFO     | DF | Found checkpoint /home/tester/bokleong/dl_project_eval/DeepFilterNet/models/df2_shrunk/checkpoints/model_30.ckpt.best with epoch 30
2022-11-30 02:41:14 | INFO     | DF | Running on device cuda:2
2022-11-30 02:41:14 | INFO     | DF | Model loaded
2022-11-30 02:41:15 | INFO     | DF | Enhanced noisy audio file 'noisy1_SNRdb_20.0_clnsp1.wav' in 0.2s (RT factor: 0.048)
2022-11-30 02:41:16 | INFO     | DF | Running on torch 1.13.0+cu117
2022-11-30 02:41:16 | INFO     | DF | Running on host workstation3
2022-11-30 02:41:16 | INFO     | DF | Loading model settings of df2_shrunk
2022-11-30 02:41:16 | INFO     | DF | Initializing model `deepfilternet2`
2022-11-30 02:41:17 | INFO     | DF | Found checkpoint /home/tester/bokleong/dl_project_eval/DeepFilterNet/models/df2_shrunk/checkpoints/model_30.ckpt.best with epoch 30
2022-11-30 02:41:17 | INFO     | DF | Running on device cuda:2
2022-11-30 02:41:17 | INFO     | DF | Model loaded
2022-11-30 02:41:17 | INFO     | DF | Enhanced noisy audio file 'noisy1_SNRdb_30.0_clnsp1.wav' in 0.2s (RT factor: 0.048)
2022-11-30 02:41:18 | INFO     | DF | Running on torch 1.13.0+cu117
2022-11-30 02:41:18 | INFO     | DF | Running on host workstation3
2022-11-30 02:41:18 | INFO     | DF | Loading model settings of df2_shrunk
2022-11-30 02:41:18 | INFO     | DF | Initializing model `deepfilternet2`
2022-11-30 02:41:19 | INFO     | DF | Found checkpoint /home/tester/bokleong/dl_project_eval/DeepFilterNet/models/df2_shrunk/checkpoints/model_30.ckpt.best with epoch 30
2022-11-30 02:41:19 | INFO     | DF | Running on device cuda:2
2022-11-30 02:41:19 | INFO     | DF | Model loaded
2022-11-30 02:41:20 | INFO     | DF | Enhanced noisy audio file 'noisy1_SNRdb_40.0_clnsp1.wav' in 0.2s (RT factor: 0.048)
2022-11-30 02:41:21 | INFO     | DF | Running on torch 1.13.0+cu117
2022-11-30 02:41:21 | INFO     | DF | Running on host workstation3
2022-11-30 02:41:21 | INFO     | DF | Loading model settings of df2_shrunk
2022-11-30 02:41:21 | INFO     | DF | Initializing model `deepfilternet2`
2022-11-30 02:41:22 | INFO     | DF | Found checkpoint /home/tester/bokleong/dl_project_eval/DeepFilterNet/models/df2_shrunk/checkpoints/model_30.ckpt.best with epoch 30
2022-11-30 02:41:22 | INFO     | DF | Running on device cuda:2
2022-11-30 02:41:22 | INFO     | DF | Model loaded
2022-11-30 02:41:22 | INFO     | DF | Enhanced noisy audio file 'noisy2_SNRdb_0.0_clnsp2.wav' in 0.2s (RT factor: 0.031)
2022-11-30 02:41:23 | INFO     | DF | Running on torch 1.13.0+cu117
2022-11-30 02:41:23 | INFO     | DF | Running on host workstation3
2022-11-30 02:41:23 | INFO     | DF | Loading model settings of df2_shrunk
2022-11-30 02:41:23 | INFO     | DF | Initializing model `deepfilternet2`
2022-11-30 02:41:24 | INFO     | DF | Found checkpoint /home/tester/bokleong/dl_project_eval/DeepFilterNet/models/df2_shrunk/checkpoints/model_30.ckpt.best with epoch 30
2022-11-30 02:41:24 | INFO     | DF | Running on device cuda:2
2022-11-30 02:41:24 | INFO     | DF | Model loaded
2022-11-30 02:41:24 | INFO     | DF | Enhanced noisy audio file 'noisy2_SNRdb_10.0_clnsp2.wav' in 0.2s (RT factor: 0.032)
2022-11-30 02:41:26 | INFO     | DF | Running on torch 1.13.0+cu117
2022-11-30 02:41:26 | INFO     | DF | Running on host workstation3
2022-11-30 02:41:26 | INFO     | DF | Loading model settings of df2_shrunk
2022-11-30 02:41:26 | INFO     | DF | Initializing model `deepfilternet2`
2022-11-30 02:41:27 | INFO     | DF | Found checkpoint /home/tester/bokleong/dl_project_eval/DeepFilterNet/models/df2_shrunk/checkpoints/model_30.ckpt.best with epoch 30
2022-11-30 02:41:27 | INFO     | DF | Running on device cuda:2
2022-11-30 02:41:27 | INFO     | DF | Model loaded
2022-11-30 02:41:27 | INFO     | DF | Enhanced noisy audio file 'noisy2_SNRdb_20.0_clnsp2.wav' in 0.2s (RT factor: 0.032)
2022-11-30 02:41:28 | INFO     | DF | Running on torch 1.13.0+cu117
2022-11-30 02:41:28 | INFO     | DF | Running on host workstation3
2022-11-30 02:41:28 | INFO     | DF | Loading model settings of df2_shrunk
2022-11-30 02:41:28 | INFO     | DF | Initializing model `deepfilternet2`
2022-11-30 02:41:29 | INFO     | DF | Found checkpoint /home/tester/bokleong/dl_project_eval/DeepFilterNet/models/df2_shrunk/checkpoints/model_30.ckpt.best with epoch 30
2022-11-30 02:41:29 | INFO     | DF | Running on device cuda:2
2022-11-30 02:41:29 | INFO     | DF | Model loaded
2022-11-30 02:41:29 | INFO     | DF | Enhanced noisy audio file 'noisy2_SNRdb_30.0_clnsp2.wav' in 0.2s (RT factor: 0.032)
2022-11-30 02:41:31 | INFO     | DF | Running on torch 1.13.0+cu117
2022-11-30 02:41:31 | INFO     | DF | Running on host workstation3
2022-11-30 02:41:31 | INFO     | DF | Loading model settings of df2_shrunk
2022-11-30 02:41:31 | INFO     | DF | Initializing model `deepfilternet2`
2022-11-30 02:41:32 | INFO     | DF | Found checkpoint /home/tester/bokleong/dl_project_eval/DeepFilterNet/models/df2_shrunk/checkpoints/model_30.ckpt.best with epoch 30
2022-11-30 02:41:32 | INFO     | DF | Running on device cuda:2
2022-11-30 02:41:32 | INFO     | DF | Model loaded
2022-11-30 02:41:32 | INFO     | DF | Enhanced noisy audio file 'noisy2_SNRdb_40.0_clnsp2.wav' in 0.2s (RT factor: 0.032)
2022-11-30 02:41:33 | INFO     | DF | Running on torch 1.13.0+cu117
2022-11-30 02:41:33 | INFO     | DF | Running on host workstation3
2022-11-30 02:41:33 | INFO     | DF | Loading model settings of df2_shrunk
2022-11-30 02:41:33 | INFO     | DF | Initializing model `deepfilternet2`
2022-11-30 02:41:34 | INFO     | DF | Found checkpoint /home/tester/bokleong/dl_project_eval/DeepFilterNet/models/df2_shrunk/checkpoints/model_30.ckpt.best with epoch 30
2022-11-30 02:41:34 | INFO     | DF | Running on device cuda:2
2022-11-30 02:41:34 | INFO     | DF | Model loaded
2022-11-30 02:41:34 | INFO     | DF | Enhanced noisy audio file 'noisy3_SNRdb_0.0_clnsp3.wav' in 0.2s (RT factor: 0.044)
2022-11-30 02:41:35 | INFO     | DF | Running on torch 1.13.0+cu117
2022-11-30 02:41:35 | INFO     | DF | Running on host workstation3
2022-11-30 02:41:36 | INFO     | DF | Loading model settings of df2_shrunk
2022-11-30 02:41:36 | INFO     | DF | Initializing model `deepfilternet2`
2022-11-30 02:41:36 | INFO     | DF | Found checkpoint /home/tester/bokleong/dl_project_eval/DeepFilterNet/models/df2_shrunk/checkpoints/model_30.ckpt.best with epoch 30
2022-11-30 02:41:36 | INFO     | DF | Running on device cuda:2
2022-11-30 02:41:36 | INFO     | DF | Model loaded
2022-11-30 02:41:37 | INFO     | DF | Enhanced noisy audio file 'noisy3_SNRdb_10.0_clnsp3.wav' in 0.2s (RT factor: 0.044)
2022-11-30 02:41:38 | INFO     | DF | Running on torch 1.13.0+cu117
2022-11-30 02:41:38 | INFO     | DF | Running on host workstation3
2022-11-30 02:41:38 | INFO     | DF | Loading model settings of df2_shrunk
2022-11-30 02:41:38 | INFO     | DF | Initializing model `deepfilternet2`
2022-11-30 02:41:39 | INFO     | DF | Found checkpoint /home/tester/bokleong/dl_project_eval/DeepFilterNet/models/df2_shrunk/checkpoints/model_30.ckpt.best with epoch 30
2022-11-30 02:41:39 | INFO     | DF | Running on device cuda:2
2022-11-30 02:41:39 | INFO     | DF | Model loaded
2022-11-30 02:41:39 | INFO     | DF | Enhanced noisy audio file 'noisy3_SNRdb_20.0_clnsp3.wav' in 0.2s (RT factor: 0.044)
2022-11-30 02:41:40 | INFO     | DF | Running on torch 1.13.0+cu117
2022-11-30 02:41:40 | INFO     | DF | Running on host workstation3
2022-11-30 02:41:40 | INFO     | DF | Loading model settings of df2_shrunk
2022-11-30 02:41:40 | INFO     | DF | Initializing model `deepfilternet2`
2022-11-30 02:41:41 | INFO     | DF | Found checkpoint /home/tester/bokleong/dl_project_eval/DeepFilterNet/models/df2_shrunk/checkpoints/model_30.ckpt.best with epoch 30
2022-11-30 02:41:41 | INFO     | DF | Running on device cuda:2
2022-11-30 02:41:41 | INFO     | DF | Model loaded
2022-11-30 02:41:42 | INFO     | DF | Enhanced noisy audio file 'noisy3_SNRdb_30.0_clnsp3.wav' in 0.2s (RT factor: 0.045)
2022-11-30 02:41:43 | INFO     | DF | Running on torch 1.13.0+cu117
2022-11-30 02:41:43 | INFO     | DF | Running on host workstation3
2022-11-30 02:41:43 | INFO     | DF | Loading model settings of df2_shrunk
2022-11-30 02:41:43 | INFO     | DF | Initializing model `deepfilternet2`
2022-11-30 02:41:44 | INFO     | DF | Found checkpoint /home/tester/bokleong/dl_project_eval/DeepFilterNet/models/df2_shrunk/checkpoints/model_30.ckpt.best with epoch 30
2022-11-30 02:41:44 | INFO     | DF | Running on device cuda:2
2022-11-30 02:41:44 | INFO     | DF | Model loaded
2022-11-30 02:41:44 | INFO     | DF | Enhanced noisy audio file 'noisy3_SNRdb_40.0_clnsp3.wav' in 0.2s (RT factor: 0.044)
2022-11-30 02:41:45 | INFO     | DF | Running on torch 1.13.0+cu117
2022-11-30 02:41:45 | INFO     | DF | Running on host workstation3
2022-11-30 02:41:45 | INFO     | DF | Loading model settings of df2_shrunk
2022-11-30 02:41:45 | INFO     | DF | Initializing model `deepfilternet2`
2022-11-30 02:41:46 | INFO     | DF | Found checkpoint /home/tester/bokleong/dl_project_eval/DeepFilterNet/models/df2_shrunk/checkpoints/model_30.ckpt.best with epoch 30
2022-11-30 02:41:46 | INFO     | DF | Running on device cuda:2
2022-11-30 02:41:46 | INFO     | DF | Model loaded
2022-11-30 02:41:47 | INFO     | DF | Enhanced noisy audio file 'noisy4_SNRdb_0.0_clnsp4.wav' in 0.2s (RT factor: 0.042)
2022-11-30 02:41:48 | INFO     | DF | Running on torch 1.13.0+cu117
2022-11-30 02:41:48 | INFO     | DF | Running on host workstation3
2022-11-30 02:41:48 | INFO     | DF | Loading model settings of df2_shrunk
2022-11-30 02:41:48 | INFO     | DF | Initializing model `deepfilternet2`
2022-11-30 02:41:49 | INFO     | DF | Found checkpoint /home/tester/bokleong/dl_project_eval/DeepFilterNet/models/df2_shrunk/checkpoints/model_30.ckpt.best with epoch 30
2022-11-30 02:41:49 | INFO     | DF | Running on device cuda:2
2022-11-30 02:41:49 | INFO     | DF | Model loaded
2022-11-30 02:41:49 | INFO     | DF | Enhanced noisy audio file 'noisy4_SNRdb_10.0_clnsp4.wav' in 0.2s (RT factor: 0.042)
2022-11-30 02:41:50 | INFO     | DF | Running on torch 1.13.0+cu117
2022-11-30 02:41:50 | INFO     | DF | Running on host workstation3
2022-11-30 02:41:50 | INFO     | DF | Loading model settings of df2_shrunk
2022-11-30 02:41:50 | INFO     | DF | Initializing model `deepfilternet2`
2022-11-30 02:41:51 | INFO     | DF | Found checkpoint /home/tester/bokleong/dl_project_eval/DeepFilterNet/models/df2_shrunk/checkpoints/model_30.ckpt.best with epoch 30
2022-11-30 02:41:51 | INFO     | DF | Running on device cuda:2
2022-11-30 02:41:51 | INFO     | DF | Model loaded
2022-11-30 02:41:52 | INFO     | DF | Enhanced noisy audio file 'noisy4_SNRdb_20.0_clnsp4.wav' in 0.2s (RT factor: 0.042)
2022-11-30 02:41:53 | INFO     | DF | Running on torch 1.13.0+cu117
2022-11-30 02:41:53 | INFO     | DF | Running on host workstation3
2022-11-30 02:41:53 | INFO     | DF | Loading model settings of df2_shrunk
2022-11-30 02:41:53 | INFO     | DF | Initializing model `deepfilternet2`
2022-11-30 02:41:54 | INFO     | DF | Found checkpoint /home/tester/bokleong/dl_project_eval/DeepFilterNet/models/df2_shrunk/checkpoints/model_30.ckpt.best with epoch 30
2022-11-30 02:41:54 | INFO     | DF | Running on device cuda:2
2022-11-30 02:41:54 | INFO     | DF | Model loaded
2022-11-30 02:41:54 | INFO     | DF | Enhanced noisy audio file 'noisy4_SNRdb_30.0_clnsp4.wav' in 0.2s (RT factor: 0.042)
2022-11-30 02:41:55 | INFO     | DF | Running on torch 1.13.0+cu117
2022-11-30 02:41:55 | INFO     | DF | Running on host workstation3
2022-11-30 02:41:55 | INFO     | DF | Loading model settings of df2_shrunk
2022-11-30 02:41:55 | INFO     | DF | Initializing model `deepfilternet2`
2022-11-30 02:41:56 | INFO     | DF | Found checkpoint /home/tester/bokleong/dl_project_eval/DeepFilterNet/models/df2_shrunk/checkpoints/model_30.ckpt.best with epoch 30
2022-11-30 02:41:56 | INFO     | DF | Running on device cuda:2
2022-11-30 02:41:56 | INFO     | DF | Model loaded
2022-11-30 02:41:57 | INFO     | DF | Enhanced noisy audio file 'noisy4_SNRdb_40.0_clnsp4.wav' in 0.2s (RT factor: 0.043)
2022-11-30 02:41:58 | INFO     | DF | Running on torch 1.13.0+cu117
2022-11-30 02:41:58 | INFO     | DF | Running on host workstation3
2022-11-30 02:41:58 | INFO     | DF | Loading model settings of df2_shrunk
2022-11-30 02:41:58 | INFO     | DF | Initializing model `deepfilternet2`
2022-11-30 02:41:59 | INFO     | DF | Found checkpoint /home/tester/bokleong/dl_project_eval/DeepFilterNet/models/df2_shrunk/checkpoints/model_30.ckpt.best with epoch 30
2022-11-30 02:41:59 | INFO     | DF | Running on device cuda:2
2022-11-30 02:41:59 | INFO     | DF | Model loaded
2022-11-30 02:41:59 | INFO     | DF | Enhanced noisy audio file 'noisy5_SNRdb_0.0_clnsp5.wav' in 0.2s (RT factor: 0.033)
2022-11-30 02:42:00 | INFO     | DF | Running on torch 1.13.0+cu117
2022-11-30 02:42:00 | INFO     | DF | Running on host workstation3
2022-11-30 02:42:00 | INFO     | DF | Loading model settings of df2_shrunk
2022-11-30 02:42:00 | INFO     | DF | Initializing model `deepfilternet2`
2022-11-30 02:42:01 | INFO     | DF | Found checkpoint /home/tester/bokleong/dl_project_eval/DeepFilterNet/models/df2_shrunk/checkpoints/model_30.ckpt.best with epoch 30
2022-11-30 02:42:01 | INFO     | DF | Running on device cuda:2
2022-11-30 02:42:01 | INFO     | DF | Model loaded
2022-11-30 02:42:02 | INFO     | DF | Enhanced noisy audio file 'noisy5_SNRdb_10.0_clnsp5.wav' in 0.2s (RT factor: 0.034)
2022-11-30 02:42:03 | INFO     | DF | Running on torch 1.13.0+cu117
2022-11-30 02:42:03 | INFO     | DF | Running on host workstation3
2022-11-30 02:42:03 | INFO     | DF | Loading model settings of df2_shrunk
2022-11-30 02:42:03 | INFO     | DF | Initializing model `deepfilternet2`
2022-11-30 02:42:04 | INFO     | DF | Found checkpoint /home/tester/bokleong/dl_project_eval/DeepFilterNet/models/df2_shrunk/checkpoints/model_30.ckpt.best with epoch 30
2022-11-30 02:42:04 | INFO     | DF | Running on device cuda:2
2022-11-30 02:42:04 | INFO     | DF | Model loaded
2022-11-30 02:42:04 | INFO     | DF | Enhanced noisy audio file 'noisy5_SNRdb_20.0_clnsp5.wav' in 0.2s (RT factor: 0.034)
2022-11-30 02:42:05 | INFO     | DF | Running on torch 1.13.0+cu117
2022-11-30 02:42:05 | INFO     | DF | Running on host workstation3
2022-11-30 02:42:05 | INFO     | DF | Loading model settings of df2_shrunk
2022-11-30 02:42:05 | INFO     | DF | Initializing model `deepfilternet2`
2022-11-30 02:42:06 | INFO     | DF | Found checkpoint /home/tester/bokleong/dl_project_eval/DeepFilterNet/models/df2_shrunk/checkpoints/model_30.ckpt.best with epoch 30
2022-11-30 02:42:06 | INFO     | DF | Running on device cuda:2
2022-11-30 02:42:06 | INFO     | DF | Model loaded
2022-11-30 02:42:07 | INFO     | DF | Enhanced noisy audio file 'noisy5_SNRdb_30.0_clnsp5.wav' in 0.2s (RT factor: 0.034)
2022-11-30 02:42:08 | INFO     | DF | Running on torch 1.13.0+cu117
2022-11-30 02:42:08 | INFO     | DF | Running on host workstation3
2022-11-30 02:42:08 | INFO     | DF | Loading model settings of df2_shrunk
2022-11-30 02:42:08 | INFO     | DF | Initializing model `deepfilternet2`
2022-11-30 02:42:09 | INFO     | DF | Found checkpoint /home/tester/bokleong/dl_project_eval/DeepFilterNet/models/df2_shrunk/checkpoints/model_30.ckpt.best with epoch 30
2022-11-30 02:42:09 | INFO     | DF | Running on device cuda:2
2022-11-30 02:42:09 | INFO     | DF | Model loaded
2022-11-30 02:42:09 | INFO     | DF | Enhanced noisy audio file 'noisy5_SNRdb_40.0_clnsp5.wav' in 0.2s (RT factor: 0.033)
2022-11-30 02:42:10 | INFO     | DF | Running on torch 1.13.0+cu117
2022-11-30 02:42:10 | INFO     | DF | Running on host workstation3
2022-11-30 02:42:10 | INFO     | DF | Loading model settings of df2_shrunk
2022-11-30 02:42:10 | INFO     | DF | Initializing model `deepfilternet2`
2022-11-30 02:42:11 | INFO     | DF | Found checkpoint /home/tester/bokleong/dl_project_eval/DeepFilterNet/models/df2_shrunk/checkpoints/model_30.ckpt.best with epoch 30
2022-11-30 02:42:11 | INFO     | DF | Running on device cuda:2
2022-11-30 02:42:11 | INFO     | DF | Model loaded
2022-11-30 02:42:11 | INFO     | DF | Enhanced noisy audio file 'noisy6_SNRdb_0.0_clnsp6.wav' in 0.2s (RT factor: 0.031)
2022-11-30 02:42:13 | INFO     | DF | Running on torch 1.13.0+cu117
2022-11-30 02:42:13 | INFO     | DF | Running on host workstation3
2022-11-30 02:42:13 | INFO     | DF | Loading model settings of df2_shrunk
2022-11-30 02:42:13 | INFO     | DF | Initializing model `deepfilternet2`
2022-11-30 02:42:14 | INFO     | DF | Found checkpoint /home/tester/bokleong/dl_project_eval/DeepFilterNet/models/df2_shrunk/checkpoints/model_30.ckpt.best with epoch 30
2022-11-30 02:42:14 | INFO     | DF | Running on device cuda:2
2022-11-30 02:42:14 | INFO     | DF | Model loaded
2022-11-30 02:42:14 | INFO     | DF | Enhanced noisy audio file 'noisy6_SNRdb_10.0_clnsp6.wav' in 0.2s (RT factor: 0.031)
2022-11-30 02:42:15 | INFO     | DF | Running on torch 1.13.0+cu117
2022-11-30 02:42:15 | INFO     | DF | Running on host workstation3
2022-11-30 02:42:15 | INFO     | DF | Loading model settings of df2_shrunk
2022-11-30 02:42:15 | INFO     | DF | Initializing model `deepfilternet2`
2022-11-30 02:42:16 | INFO     | DF | Found checkpoint /home/tester/bokleong/dl_project_eval/DeepFilterNet/models/df2_shrunk/checkpoints/model_30.ckpt.best with epoch 30
2022-11-30 02:42:16 | INFO     | DF | Running on device cuda:2
2022-11-30 02:42:16 | INFO     | DF | Model loaded
2022-11-30 02:42:16 | INFO     | DF | Enhanced noisy audio file 'noisy6_SNRdb_20.0_clnsp6.wav' in 0.2s (RT factor: 0.031)
2022-11-30 02:42:18 | INFO     | DF | Running on torch 1.13.0+cu117
2022-11-30 02:42:18 | INFO     | DF | Running on host workstation3
2022-11-30 02:42:18 | INFO     | DF | Loading model settings of df2_shrunk
2022-11-30 02:42:18 | INFO     | DF | Initializing model `deepfilternet2`
2022-11-30 02:42:19 | INFO     | DF | Found checkpoint /home/tester/bokleong/dl_project_eval/DeepFilterNet/models/df2_shrunk/checkpoints/model_30.ckpt.best with epoch 30
2022-11-30 02:42:19 | INFO     | DF | Running on device cuda:2
2022-11-30 02:42:19 | INFO     | DF | Model loaded
2022-11-30 02:42:19 | INFO     | DF | Enhanced noisy audio file 'noisy6_SNRdb_30.0_clnsp6.wav' in 0.2s (RT factor: 0.031)
2022-11-30 02:42:20 | INFO     | DF | Running on torch 1.13.0+cu117
2022-11-30 02:42:20 | INFO     | DF | Running on host workstation3
2022-11-30 02:42:20 | INFO     | DF | Loading model settings of df2_shrunk
2022-11-30 02:42:20 | INFO     | DF | Initializing model `deepfilternet2`
2022-11-30 02:42:21 | INFO     | DF | Found checkpoint /home/tester/bokleong/dl_project_eval/DeepFilterNet/models/df2_shrunk/checkpoints/model_30.ckpt.best with epoch 30
2022-11-30 02:42:21 | INFO     | DF | Running on device cuda:2
2022-11-30 02:42:21 | INFO     | DF | Model loaded
2022-11-30 02:42:21 | INFO     | DF | Enhanced noisy audio file 'noisy6_SNRdb_40.0_clnsp6.wav' in 0.3s (RT factor: 0.031)
2022-11-30 02:42:23 | INFO     | DF | Running on torch 1.13.0+cu117
2022-11-30 02:42:23 | INFO     | DF | Running on host workstation3
2022-11-30 02:42:23 | INFO     | DF | Loading model settings of df2_shrunk
2022-11-30 02:42:23 | INFO     | DF | Initializing model `deepfilternet2`
2022-11-30 02:42:24 | INFO     | DF | Found checkpoint /home/tester/bokleong/dl_project_eval/DeepFilterNet/models/df2_shrunk/checkpoints/model_30.ckpt.best with epoch 30
2022-11-30 02:42:24 | INFO     | DF | Running on device cuda:2
2022-11-30 02:42:24 | INFO     | DF | Model loaded
2022-11-30 02:42:24 | INFO     | DF | Enhanced noisy audio file 'noisy7_SNRdb_0.0_clnsp7.wav' in 0.2s (RT factor: 0.041)
2022-11-30 02:42:25 | INFO     | DF | Running on torch 1.13.0+cu117
2022-11-30 02:42:25 | INFO     | DF | Running on host workstation3
2022-11-30 02:42:25 | INFO     | DF | Loading model settings of df2_shrunk
2022-11-30 02:42:25 | INFO     | DF | Initializing model `deepfilternet2`
2022-11-30 02:42:26 | INFO     | DF | Found checkpoint /home/tester/bokleong/dl_project_eval/DeepFilterNet/models/df2_shrunk/checkpoints/model_30.ckpt.best with epoch 30
2022-11-30 02:42:26 | INFO     | DF | Running on device cuda:2
2022-11-30 02:42:26 | INFO     | DF | Model loaded
2022-11-30 02:42:26 | INFO     | DF | Enhanced noisy audio file 'noisy7_SNRdb_10.0_clnsp7.wav' in 0.2s (RT factor: 0.042)
2022-11-30 02:42:28 | INFO     | DF | Running on torch 1.13.0+cu117
2022-11-30 02:42:28 | INFO     | DF | Running on host workstation3
2022-11-30 02:42:28 | INFO     | DF | Loading model settings of df2_shrunk
2022-11-30 02:42:28 | INFO     | DF | Initializing model `deepfilternet2`
2022-11-30 02:42:28 | INFO     | DF | Found checkpoint /home/tester/bokleong/dl_project_eval/DeepFilterNet/models/df2_shrunk/checkpoints/model_30.ckpt.best with epoch 30
2022-11-30 02:42:28 | INFO     | DF | Running on device cuda:2
2022-11-30 02:42:28 | INFO     | DF | Model loaded
2022-11-30 02:42:29 | INFO     | DF | Enhanced noisy audio file 'noisy7_SNRdb_20.0_clnsp7.wav' in 0.2s (RT factor: 0.042)
2022-11-30 02:42:30 | INFO     | DF | Running on torch 1.13.0+cu117
2022-11-30 02:42:30 | INFO     | DF | Running on host workstation3
2022-11-30 02:42:30 | INFO     | DF | Loading model settings of df2_shrunk
2022-11-30 02:42:30 | INFO     | DF | Initializing model `deepfilternet2`
2022-11-30 02:42:31 | INFO     | DF | Found checkpoint /home/tester/bokleong/dl_project_eval/DeepFilterNet/models/df2_shrunk/checkpoints/model_30.ckpt.best with epoch 30
2022-11-30 02:42:31 | INFO     | DF | Running on device cuda:2
2022-11-30 02:42:31 | INFO     | DF | Model loaded
2022-11-30 02:42:31 | INFO     | DF | Enhanced noisy audio file 'noisy7_SNRdb_30.0_clnsp7.wav' in 0.2s (RT factor: 0.042)
2022-11-30 02:42:32 | INFO     | DF | Running on torch 1.13.0+cu117
2022-11-30 02:42:32 | INFO     | DF | Running on host workstation3
2022-11-30 02:42:32 | INFO     | DF | Loading model settings of df2_shrunk
2022-11-30 02:42:32 | INFO     | DF | Initializing model `deepfilternet2`
2022-11-30 02:42:33 | INFO     | DF | Found checkpoint /home/tester/bokleong/dl_project_eval/DeepFilterNet/models/df2_shrunk/checkpoints/model_30.ckpt.best with epoch 30
2022-11-30 02:42:33 | INFO     | DF | Running on device cuda:2
2022-11-30 02:42:33 | INFO     | DF | Model loaded
2022-11-30 02:42:34 | INFO     | DF | Enhanced noisy audio file 'noisy7_SNRdb_40.0_clnsp7.wav' in 0.2s (RT factor: 0.042)
2022-11-30 02:42:35 | INFO     | DF | Running on torch 1.13.0+cu117
2022-11-30 02:42:35 | INFO     | DF | Running on host workstation3
2022-11-30 02:42:35 | INFO     | DF | Loading model settings of df2_shrunk
2022-11-30 02:42:35 | INFO     | DF | Initializing model `deepfilternet2`
2022-11-30 02:42:36 | INFO     | DF | Found checkpoint /home/tester/bokleong/dl_project_eval/DeepFilterNet/models/df2_shrunk/checkpoints/model_30.ckpt.best with epoch 30
2022-11-30 02:42:36 | INFO     | DF | Running on device cuda:2
2022-11-30 02:42:36 | INFO     | DF | Model loaded
2022-11-30 02:42:36 | INFO     | DF | Enhanced noisy audio file 'noisy8_SNRdb_0.0_clnsp8.wav' in 0.2s (RT factor: 0.037)
2022-11-30 02:42:37 | INFO     | DF | Running on torch 1.13.0+cu117
2022-11-30 02:42:37 | INFO     | DF | Running on host workstation3
2022-11-30 02:42:37 | INFO     | DF | Loading model settings of df2_shrunk
2022-11-30 02:42:37 | INFO     | DF | Initializing model `deepfilternet2`
2022-11-30 02:42:38 | INFO     | DF | Found checkpoint /home/tester/bokleong/dl_project_eval/DeepFilterNet/models/df2_shrunk/checkpoints/model_30.ckpt.best with epoch 30
2022-11-30 02:42:38 | INFO     | DF | Running on device cuda:2
2022-11-30 02:42:38 | INFO     | DF | Model loaded
2022-11-30 02:42:39 | INFO     | DF | Enhanced noisy audio file 'noisy8_SNRdb_10.0_clnsp8.wav' in 0.2s (RT factor: 0.037)
2022-11-30 02:42:40 | INFO     | DF | Running on torch 1.13.0+cu117
2022-11-30 02:42:40 | INFO     | DF | Running on host workstation3
2022-11-30 02:42:40 | INFO     | DF | Loading model settings of df2_shrunk
2022-11-30 02:42:40 | INFO     | DF | Initializing model `deepfilternet2`
2022-11-30 02:42:41 | INFO     | DF | Found checkpoint /home/tester/bokleong/dl_project_eval/DeepFilterNet/models/df2_shrunk/checkpoints/model_30.ckpt.best with epoch 30
2022-11-30 02:42:41 | INFO     | DF | Running on device cuda:2
2022-11-30 02:42:41 | INFO     | DF | Model loaded
2022-11-30 02:42:41 | INFO     | DF | Enhanced noisy audio file 'noisy8_SNRdb_20.0_clnsp8.wav' in 0.2s (RT factor: 0.037)
2022-11-30 02:42:42 | INFO     | DF | Running on torch 1.13.0+cu117
2022-11-30 02:42:42 | INFO     | DF | Running on host workstation3
2022-11-30 02:42:42 | INFO     | DF | Loading model settings of df2_shrunk
2022-11-30 02:42:42 | INFO     | DF | Initializing model `deepfilternet2`
2022-11-30 02:42:43 | INFO     | DF | Found checkpoint /home/tester/bokleong/dl_project_eval/DeepFilterNet/models/df2_shrunk/checkpoints/model_30.ckpt.best with epoch 30
2022-11-30 02:42:43 | INFO     | DF | Running on device cuda:2
2022-11-30 02:42:43 | INFO     | DF | Model loaded
2022-11-30 02:42:44 | INFO     | DF | Enhanced noisy audio file 'noisy8_SNRdb_30.0_clnsp8.wav' in 0.2s (RT factor: 0.037)
2022-11-30 02:42:45 | INFO     | DF | Running on torch 1.13.0+cu117
2022-11-30 02:42:45 | INFO     | DF | Running on host workstation3
2022-11-30 02:42:45 | INFO     | DF | Loading model settings of df2_shrunk
2022-11-30 02:42:45 | INFO     | DF | Initializing model `deepfilternet2`
2022-11-30 02:42:46 | INFO     | DF | Found checkpoint /home/tester/bokleong/dl_project_eval/DeepFilterNet/models/df2_shrunk/checkpoints/model_30.ckpt.best with epoch 30
2022-11-30 02:42:46 | INFO     | DF | Running on device cuda:2
2022-11-30 02:42:46 | INFO     | DF | Model loaded
2022-11-30 02:42:46 | INFO     | DF | Enhanced noisy audio file 'noisy8_SNRdb_40.0_clnsp8.wav' in 0.2s (RT factor: 0.038)
2022-11-30 02:42:47 | INFO     | DF | Running on torch 1.13.0+cu117
2022-11-30 02:42:47 | INFO     | DF | Running on host workstation3
2022-11-30 02:42:47 | INFO     | DF | Loading model settings of df2_shrunk
2022-11-30 02:42:47 | INFO     | DF | Initializing model `deepfilternet2`
2022-11-30 02:42:48 | INFO     | DF | Found checkpoint /home/tester/bokleong/dl_project_eval/DeepFilterNet/models/df2_shrunk/checkpoints/model_30.ckpt.best with epoch 30
2022-11-30 02:42:48 | INFO     | DF | Running on device cuda:2
2022-11-30 02:42:48 | INFO     | DF | Model loaded
2022-11-30 02:42:49 | INFO     | DF | Enhanced noisy audio file 'noisy9_SNRdb_0.0_clnsp9.wav' in 0.3s (RT factor: 0.032)
2022-11-30 02:42:50 | INFO     | DF | Running on torch 1.13.0+cu117
2022-11-30 02:42:50 | INFO     | DF | Running on host workstation3
2022-11-30 02:42:50 | INFO     | DF | Loading model settings of df2_shrunk
2022-11-30 02:42:50 | INFO     | DF | Initializing model `deepfilternet2`
2022-11-30 02:42:51 | INFO     | DF | Found checkpoint /home/tester/bokleong/dl_project_eval/DeepFilterNet/models/df2_shrunk/checkpoints/model_30.ckpt.best with epoch 30
2022-11-30 02:42:51 | INFO     | DF | Running on device cuda:2
2022-11-30 02:42:51 | INFO     | DF | Model loaded
2022-11-30 02:42:51 | INFO     | DF | Enhanced noisy audio file 'noisy9_SNRdb_10.0_clnsp9.wav' in 0.2s (RT factor: 0.032)
2022-11-30 02:42:52 | INFO     | DF | Running on torch 1.13.0+cu117
2022-11-30 02:42:52 | INFO     | DF | Running on host workstation3
2022-11-30 02:42:52 | INFO     | DF | Loading model settings of df2_shrunk
2022-11-30 02:42:52 | INFO     | DF | Initializing model `deepfilternet2`
2022-11-30 02:42:53 | INFO     | DF | Found checkpoint /home/tester/bokleong/dl_project_eval/DeepFilterNet/models/df2_shrunk/checkpoints/model_30.ckpt.best with epoch 30
2022-11-30 02:42:53 | INFO     | DF | Running on device cuda:2
2022-11-30 02:42:53 | INFO     | DF | Model loaded
2022-11-30 02:42:54 | INFO     | DF | Enhanced noisy audio file 'noisy9_SNRdb_20.0_clnsp9.wav' in 0.2s (RT factor: 0.031)
2022-11-30 02:42:55 | INFO     | DF | Running on torch 1.13.0+cu117
2022-11-30 02:42:55 | INFO     | DF | Running on host workstation3
2022-11-30 02:42:55 | INFO     | DF | Loading model settings of df2_shrunk
2022-11-30 02:42:55 | INFO     | DF | Initializing model `deepfilternet2`
2022-11-30 02:42:56 | INFO     | DF | Found checkpoint /home/tester/bokleong/dl_project_eval/DeepFilterNet/models/df2_shrunk/checkpoints/model_30.ckpt.best with epoch 30
2022-11-30 02:42:56 | INFO     | DF | Running on device cuda:2
2022-11-30 02:42:56 | INFO     | DF | Model loaded
2022-11-30 02:42:56 | INFO     | DF | Enhanced noisy audio file 'noisy9_SNRdb_30.0_clnsp9.wav' in 0.2s (RT factor: 0.032)
2022-11-30 02:42:57 | INFO     | DF | Running on torch 1.13.0+cu117
2022-11-30 02:42:57 | INFO     | DF | Running on host workstation3
2022-11-30 02:42:57 | INFO     | DF | Loading model settings of df2_shrunk
2022-11-30 02:42:57 | INFO     | DF | Initializing model `deepfilternet2`
2022-11-30 02:42:58 | INFO     | DF | Found checkpoint /home/tester/bokleong/dl_project_eval/DeepFilterNet/models/df2_shrunk/checkpoints/model_30.ckpt.best with epoch 30
2022-11-30 02:42:58 | INFO     | DF | Running on device cuda:2
2022-11-30 02:42:58 | INFO     | DF | Model loaded
2022-11-30 02:42:59 | INFO     | DF | Enhanced noisy audio file 'noisy9_SNRdb_40.0_clnsp9.wav' in 0.2s (RT factor: 0.031)
2022-11-30 09:38:44 | INFO     | DF | Running on torch 1.13.0+cpu
2022-11-30 09:38:44 | INFO     | DF | Running on host LAPTOP-UF789DNR
2022-11-30 09:38:44 | INFO     | DF | Git commit: 3b4a0e7, branch: main
2022-11-30 09:38:44 | INFO     | DF | Loading model settings of df2_shrunk
2022-11-30 09:38:44 | INFO     | DF | Initializing model `deepfilternet2`
2022-11-30 10:09:43 | INFO     | DF | Running on torch 1.13.0
2022-11-30 10:09:45 | INFO     | DF | Running on host LAPTOP-UF789DNR
2022-11-30 10:09:45 | INFO     | DF | Git commit: 3b4a0e7, branch: main
2022-11-30 10:09:45 | INFO     | DF | Loading model settings of df2_shrunk
2022-11-30 10:09:45 | INFO     | DF | Initializing model `deepfilternet2`
2022-12-02 20:06:51 | INFO     | DF | Running on torch 1.13.0
2022-12-02 20:06:51 | INFO     | DF | Running on host LAPTOP-UF789DNR
2022-12-02 20:06:52 | INFO     | DF | Loading model settings of df2_shrunk
2022-12-02 20:06:52 | INFO     | DF | Initializing model `deepfilternet2`
2022-12-02 20:20:08 | INFO     | DF | Running on torch 1.13.0
2022-12-02 20:20:08 | INFO     | DF | Running on host LAPTOP-UF789DNR
2022-12-02 20:20:08 | INFO     | DF | Loading model settings of df2_shrunk
2022-12-02 20:20:08 | INFO     | DF | Initializing model `deepfilternet2`
2022-12-02 20:23:09 | INFO     | DF | Running on torch 1.13.0
2022-12-02 20:23:09 | INFO     | DF | Running on host LAPTOP-UF789DNR
2022-12-02 20:23:09 | INFO     | DF | Loading model settings of df2_shrunk
2022-12-02 20:23:09 | INFO     | DF | Initializing model `deepfilternet2`
2022-12-02 20:27:28 | INFO     | DF | Running on torch 1.13.0
2022-12-02 20:27:28 | INFO     | DF | Running on host LAPTOP-UF789DNR
2022-12-02 20:27:28 | INFO     | DF | Loading model settings of df2_shrunk
2022-12-02 20:27:28 | INFO     | DF | Initializing model `deepfilternet2`
2022-12-02 20:29:43 | INFO     | DF | Running on torch 1.13.0
2022-12-02 20:29:43 | INFO     | DF | Running on host LAPTOP-UF789DNR
2022-12-02 20:29:43 | INFO     | DF | Loading model settings of df2_shrunk
2022-12-02 20:29:43 | INFO     | DF | Initializing model `deepfilternet2`
2022-12-02 20:46:29 | INFO     | DF | Running on torch 1.13.0
2022-12-02 20:46:29 | INFO     | DF | Running on host LAPTOP-UF789DNR
2022-12-02 20:46:29 | INFO     | DF | Loading model settings of df2_shrunk
2022-12-02 20:46:29 | INFO     | DF | Initializing model `deepfilternet2`
2022-12-02 20:52:46 | INFO     | DF | Running on torch 1.13.0
2022-12-02 20:52:46 | INFO     | DF | Running on host LAPTOP-UF789DNR
2022-12-02 20:52:46 | INFO     | DF | Loading model settings of df2_shrunk
2022-12-02 20:52:46 | INFO     | DF | Initializing model `deepfilternet2`
2022-12-02 21:10:50 | INFO     | DF | Running on torch 1.13.0+cu117
2022-12-02 21:10:50 | INFO     | DF | Running on host LAPTOP-UF789DNR
2022-12-02 21:10:50 | INFO     | DF | Loading model settings of df2_shrunk
2022-12-02 21:10:50 | INFO     | DF | Initializing model `deepfilternet2`
2022-12-02 21:11:20 | INFO     | DF | Running on torch 1.13.0+cu117
2022-12-02 21:11:20 | INFO     | DF | Running on host LAPTOP-UF789DNR
2022-12-02 21:11:20 | INFO     | DF | Loading model settings of df2_shrunk
2022-12-02 21:11:20 | INFO     | DF | Initializing model `deepfilternet2`
2022-12-02 21:11:23 | INFO     | DF | Found checkpoint G:\df2_shrunk\checkpoints\model_30.ckpt.best with epoch 30
2022-12-02 21:11:23 | INFO     | DF | Running on device cuda:0
2022-12-02 21:11:23 | INFO     | DF | Model loaded
2022-12-02 21:11:55 | INFO     | DF | Running on torch 1.13.0+cu117
2022-12-02 21:11:55 | INFO     | DF | Running on host LAPTOP-UF789DNR
2022-12-02 21:11:55 | INFO     | DF | Loading model settings of df2_shrunk
2022-12-02 21:11:55 | INFO     | DF | Initializing model `deepfilternet2`
2022-12-02 21:11:56 | INFO     | DF | Found checkpoint G:\df2_shrunk\checkpoints\model_30.ckpt.best with epoch 30
2022-12-02 21:11:56 | INFO     | DF | Running on device cuda:0
2022-12-02 21:11:56 | INFO     | DF | Model loaded
2022-12-02 21:11:58 | INFO     | DF | Enhanced noisy audio file 'noisy9_SNRdb_0.0_clnsp9.wav' in 1.3s (RT factor: 0.166)
